TMS320C55x Assembler PC v4.3.8 Thu Jun 09 17:19:12 2011

Tools Copyright (c) 1996-2010 Texas Instruments Incorporated
aic3204_tone_headphone.asm                                           PAGE    1

    1249              ; Temporary Registers Used: None
       1              ;*******************************************************************************
       2              ;* TMS320C55x C/C++ Codegen                                          PC v4.3.8 *
       3              ;* Date/Time created: Thu Jun 09 17:19:12 2011                                 *
       4              ;*******************************************************************************
       5                      .compiler_opts --hll_source=on --mem_model:code=flat --mem_model:data=large --silicon_core_3_3 --symd
       6                      .mmregs
       7                      .cpl_on
       8                      .arms_on
       9                      .c54cm_off
      10                      .asg AR6, FP
      11                      .asg XAR6, XFP
      12                      .asg DPH, MDP
      13                      .model call=c55_std
      14                      .model mem=large
      15                      .noremark 5002  ; code respects overwrite rules
      16              ;*******************************************************************************
      17              ;* GLOBAL FILE PARAMETERS                                                      *
      18              ;*                                                                             *
      19              ;*   Architecture       : TMS320C55x                                           *
      20              ;*   Optimizing for     : Speed                                                *
      21              ;*   Memory             : Large Model (23-Bit Data Pointers)                   *
      22              ;*   Calls              : Normal Library ASM calls                             *
      23              ;*   Debug Info         : Standard TI Debug Information                        *
      24              ;*******************************************************************************
      25              
      26              $C$DW$CU        .dwtag  DW_TAG_compile_unit
      27                      .dwattr $C$DW$CU, DW_AT_name("../aic3204_tone_headphone.c")
      28                      .dwattr $C$DW$CU, DW_AT_producer("TMS320C55x C/C++ Codegen PC v4.3.8 Copyright (c) 1996-2010 Texas In
      29                      .dwattr $C$DW$CU, DW_AT_TI_version(0x01)
      30                      .dwattr $C$DW$CU, DW_AT_comp_dir("C:\Users\Kurt\Documents\Little_Projects\MCUs\C5515\usbstk5515_BSL_R
      31              
      32              $C$DW$1 .dwtag  DW_TAG_subprogram, DW_AT_name("USBSTK5515_wait")
      33                      .dwattr $C$DW$1, DW_AT_TI_symbol_name("_USBSTK5515_wait")
      34                      .dwattr $C$DW$1, DW_AT_declaration
      35                      .dwattr $C$DW$1, DW_AT_external
      36                      .dwattr $C$DW$1, DW_AT_decl_file("..\..\..\include\usbstk5515.h")
      37                      .dwattr $C$DW$1, DW_AT_decl_line(0x6d)
      38                      .dwattr $C$DW$1, DW_AT_decl_column(0x06)
      39              $C$DW$2 .dwtag  DW_TAG_formal_parameter
      40                      .dwattr $C$DW$2, DW_AT_type(*$C$DW$T$13)
      41                      .dwendtag $C$DW$1
      42              
      43              
      44              $C$DW$3 .dwtag  DW_TAG_subprogram, DW_AT_name("AIC3204_rset")
      45                      .dwattr $C$DW$3, DW_AT_TI_symbol_name("_AIC3204_rset")
      46                      .dwattr $C$DW$3, DW_AT_type(*$C$DW$T$10)
      47                      .dwattr $C$DW$3, DW_AT_declaration
      48                      .dwattr $C$DW$3, DW_AT_external
      49                      .dwattr $C$DW$3, DW_AT_decl_file("../aic3204_tone_headphone.c")
      50                      .dwattr $C$DW$3, DW_AT_decl_line(0x0c)
      51                      .dwattr $C$DW$3, DW_AT_decl_column(0x0e)
      52              $C$DW$4 .dwtag  DW_TAG_formal_parameter
      53                      .dwattr $C$DW$4, DW_AT_type(*$C$DW$T$11)
      54              $C$DW$5 .dwtag  DW_TAG_formal_parameter
TMS320C55x Assembler PC v4.3.8 Thu Jun 09 17:19:12 2011

Tools Copyright (c) 1996-2010 Texas Instruments Incorporated
aic3204_tone_headphone.asm                                           PAGE    2

      55                      .dwattr $C$DW$5, DW_AT_type(*$C$DW$T$11)
      56                      .dwendtag $C$DW$3
      57              
      58 000000               .sect   ".const:_$P$T0$1"
      59                      .clink
      60                      .align  1
      61 000000       _$P$T0$1:
      62 000000 0000          .field          0,16                    ; _$P$T0$1[0] @ 0
      63 000001 10B4          .field          4276,16                 ; _$P$T0$1[1] @ 16
      64 000002 2120          .field          8480,16                 ; _$P$T0$1[2] @ 32
      65 000003 30FB          .field          12539,16                        ; _$P$T0$1[3] @ 48
      66 000004 3FFF          .field          16383,16                        ; _$P$T0$1[4] @ 64
      67 000005 4DEA          .field          19946,16                        ; _$P$T0$1[5] @ 80
      68 000006 5A81          .field          23169,16                        ; _$P$T0$1[6] @ 96
      69 000007 658B          .field          25995,16                        ; _$P$T0$1[7] @ 112
      70 000008 6ED8          .field          28376,16                        ; _$P$T0$1[8] @ 128
      71 000009 763F          .field          30271,16                        ; _$P$T0$1[9] @ 144
      72 00000a 7BA1          .field          31649,16                        ; _$P$T0$1[10] @ 160
      73 00000b 7EE5          .field          32485,16                        ; _$P$T0$1[11] @ 176
      74 00000c 7FFD          .field          32765,16                        ; _$P$T0$1[12] @ 192
      75 00000d 7EE5          .field          32485,16                        ; _$P$T0$1[13] @ 208
      76 00000e 7BA1          .field          31649,16                        ; _$P$T0$1[14] @ 224
      77 00000f 76EF          .field          30447,16                        ; _$P$T0$1[15] @ 240
      78 000010 6ED8          .field          28376,16                        ; _$P$T0$1[16] @ 256
      79 000011 658B          .field          25995,16                        ; _$P$T0$1[17] @ 272
      80 000012 5A81          .field          23169,16                        ; _$P$T0$1[18] @ 288
      81 000013 4DEA          .field          19946,16                        ; _$P$T0$1[19] @ 304
      82 000014 3FFF          .field          16383,16                        ; _$P$T0$1[20] @ 320
      83 000015 30FB          .field          12539,16                        ; _$P$T0$1[21] @ 336
      84 000016 2120          .field          8480,16                 ; _$P$T0$1[22] @ 352
      85 000017 10B4          .field          4276,16                 ; _$P$T0$1[23] @ 368
      86 000018 0000          .field          0,16                    ; _$P$T0$1[24] @ 384
      87 000019 EF4C          .field          -4276,16                        ; _$P$T0$1[25] @ 400
      88 00001a DEE0          .field          -8480,16                        ; _$P$T0$1[26] @ 416
      89 00001b CF06          .field          -12538,16                       ; _$P$T0$1[27] @ 432
      90 00001c C002          .field          -16382,16                       ; _$P$T0$1[28] @ 448
      91 00001d B216          .field          -19946,16                       ; _$P$T0$1[29] @ 464
      92 00001e A57F          .field          -23169,16                       ; _$P$T0$1[30] @ 480
      93 00001f 9A75          .field          -25995,16                       ; _$P$T0$1[31] @ 496
      94 000020 9128          .field          -28376,16                       ; _$P$T0$1[32] @ 512
      95 000021 89C1          .field          -30271,16                       ; _$P$T0$1[33] @ 528
      96 000022 845F          .field          -31649,16                       ; _$P$T0$1[34] @ 544
      97 000023 811B          .field          -32485,16                       ; _$P$T0$1[35] @ 560
      98 000024 8002          .field          -32766,16                       ; _$P$T0$1[36] @ 576
      99 000025 811B          .field          -32485,16                       ; _$P$T0$1[37] @ 592
     100 000026 845F          .field          -31649,16                       ; _$P$T0$1[38] @ 608
     101 000027 89C1          .field          -30271,16                       ; _$P$T0$1[39] @ 624
     102 000028 9128          .field          -28376,16                       ; _$P$T0$1[40] @ 640
     103 000029 9A76          .field          -25994,16                       ; _$P$T0$1[41] @ 656
     104 00002a A57F          .field          -23169,16                       ; _$P$T0$1[42] @ 672
     105 00002b B216          .field          -19946,16                       ; _$P$T0$1[43] @ 688
     106 00002c C002          .field          -16382,16                       ; _$P$T0$1[44] @ 704
     107 00002d CF06          .field          -12538,16                       ; _$P$T0$1[45] @ 720
     108 00002e DEE0          .field          -8480,16                        ; _$P$T0$1[46] @ 736
     109 00002f EF4C          .field          -4276,16                        ; _$P$T0$1[47] @ 752
TMS320C55x Assembler PC v4.3.8 Thu Jun 09 17:19:12 2011

Tools Copyright (c) 1996-2010 Texas Instruments Incorporated
aic3204_tone_headphone.asm                                           PAGE    3

     110              
     111              $C$DW$6 .dwtag  DW_TAG_variable, DW_AT_name("$P$T0$1")
     112                      .dwattr $C$DW$6, DW_AT_TI_symbol_name("_$P$T0$1")
     113                      .dwattr $C$DW$6, DW_AT_type(*$C$DW$T$29)
     114                      .dwattr $C$DW$6, DW_AT_location[DW_OP_addr _$P$T0$1]
     115                      .dwattr $C$DW$6, DW_AT_decl_file("../aic3204_tone_headphone.c")
     116                      .dwattr $C$DW$6, DW_AT_decl_line(0x18)
     117                      .dwattr $C$DW$6, DW_AT_decl_column(0x0b)
     118              ;       C:\Program Files (x86)\Texas Instruments\ccsv5\tools\compiler\c5500\bin\opt55.exe C:\\Users\\Kurt\\Ap
     119 000000               .sect   ".text"
     120                      .global _aic3204_tone_headphone
     121              
     122              $C$DW$7 .dwtag  DW_TAG_subprogram, DW_AT_name("aic3204_tone_headphone")
     123                      .dwattr $C$DW$7, DW_AT_low_pc(_aic3204_tone_headphone)
     124                      .dwattr $C$DW$7, DW_AT_high_pc(0x00)
     125                      .dwattr $C$DW$7, DW_AT_TI_symbol_name("_aic3204_tone_headphone")
     126                      .dwattr $C$DW$7, DW_AT_external
     127                      .dwattr $C$DW$7, DW_AT_type(*$C$DW$T$10)
     128                      .dwattr $C$DW$7, DW_AT_TI_begin_file("../aic3204_tone_headphone.c")
     129                      .dwattr $C$DW$7, DW_AT_TI_begin_line(0x15)
     130                      .dwattr $C$DW$7, DW_AT_TI_begin_column(0x07)
     131                      .dwattr $C$DW$7, DW_AT_decl_file("../aic3204_tone_headphone.c")
     132                      .dwattr $C$DW$7, DW_AT_decl_line(0x15)
     133                      .dwattr $C$DW$7, DW_AT_decl_column(0x07)
     134                      .dwattr $C$DW$7, DW_AT_TI_max_frame_size(0x32)
     135                      .dwpsn  file "../aic3204_tone_headphone.c",line 22,column 1,is_stmt,address _aic3204_tone_headphone
     136              
     137                      .dwfde $C$DW$CIE, _aic3204_tone_headphone
     138              ;*******************************************************************************
     139              ;* FUNCTION NAME: aic3204_tone_headphone                                       *
     140              ;*                                                                             *
     141              ;*   Function Uses Regs : AC0,AC0,T0,T1,AR1,AR2,XAR2,AR3,XAR3,AR4,SP,CSR,RPTC, *
     142              ;*                        CARRY,TC1,M40,SATA,SATD,RDM,FRCT,SMUL                *
     143              ;*   Stack Frame        : Compact (No Frame Pointer, w/ debug)                 *
     144              ;*   Total Frame Size   : 50 words                                             *
     145              ;*                        (2 return address/alignment)                         *
     146              ;*                        (48 local values)                                    *
     147              ;*   Min System Stack   : 1 word                                               *
     148              ;*******************************************************************************
     149              
     150              ;*******************************************************************************
     151              ;*                                                                             *
     152              ;* Using -g (debug) with optimization (-o3) may disable key optimizations!     *
     153              ;*                                                                             *
     154              ;*******************************************************************************
     155 000000       _aic3204_tone_headphone:
     156                      .dwcfi  cfa_offset, 1
     157                      .dwcfi  save_reg_to_mem, 91, -1
     158 000000 4ECF          AADD #-49, SP
     159                      .dwcfi  cfa_offset, 50
     160              ;* AR3   assigned to $O$U58
     161              ;* AR1   assigned to _sample
     162              $C$DW$8 .dwtag  DW_TAG_variable, DW_AT_name("sample")
     163                      .dwattr $C$DW$8, DW_AT_TI_symbol_name("_sample")
     164                      .dwattr $C$DW$8, DW_AT_type(*$C$DW$T$10)
TMS320C55x Assembler PC v4.3.8 Thu Jun 09 17:19:12 2011

Tools Copyright (c) 1996-2010 Texas Instruments Incorporated
aic3204_tone_headphone.asm                                           PAGE    4

     165                      .dwattr $C$DW$8, DW_AT_location[DW_OP_reg18]
     166              ;* AR4   assigned to $O$C1
     167              $C$DW$9 .dwtag  DW_TAG_variable, DW_AT_name("sinetable")
     168                      .dwattr $C$DW$9, DW_AT_TI_symbol_name("_sinetable")
     169                      .dwattr $C$DW$9, DW_AT_type(*$C$DW$T$27)
     170                      .dwattr $C$DW$9, DW_AT_location[DW_OP_bregx 0x24 0]
     171                      .dwpsn  file "../aic3204_tone_headphone.c",line 24,column 11,is_stmt
     172 000002 EC31          AMOV #_$P$T0$1, XAR3 ; |24| 
         000004 BE00 
         000006 0000+
     173              
     174 00000b 4D2F          RPT #47   ; |24| 
     175 000008 EC00  ||      AMAR *SP(#0), XAR2
         00000a AE   
     176              
     177                                                          ; loop starts ; |24| 
     178 00000d       $C$L1:    
     179 00000d       $C$DW$L$_aic3204_tone_headphone$2$B:
     180 00000d 8065              MOV *AR3+, *AR2+ ; |24| 
         00000f 14   
     181                                                      ; loop ends ; |24| 
     182 000010       $C$DW$L$_aic3204_tone_headphone$2$E:
     183 000010       $C$L2:    
     184                      .dwpsn  file "../aic3204_tone_headphone.c",line 36,column 5,is_stmt
     185 000010 3C04          MOV #0, T0
     186              $C$DW$10        .dwtag  DW_TAG_TI_branch
     187                      .dwattr $C$DW$10, DW_AT_low_pc(0x00)
     188                      .dwattr $C$DW$10, DW_AT_name("_AIC3204_rset")
     189                      .dwattr $C$DW$10, DW_AT_TI_call
     190              
     191 000012 6C00          CALL #_AIC3204_rset ; |36| 
         000014 0000!
     192 000016 3D05  ||      MOV #0, T1
     193              
     194                                                      ; call occurs [#_AIC3204_rset] ; |36| 
     195                      .dwpsn  file "../aic3204_tone_headphone.c",line 37,column 5,is_stmt
     196 000018 3C14          MOV #1, T0
     197              $C$DW$11        .dwtag  DW_TAG_TI_branch
     198                      .dwattr $C$DW$11, DW_AT_low_pc(0x00)
     199                      .dwattr $C$DW$11, DW_AT_name("_AIC3204_rset")
     200                      .dwattr $C$DW$11, DW_AT_TI_call
     201              
     202 00001a 6C00          CALL #_AIC3204_rset ; |37| 
         00001c 0000!
     203 00001e 3D15  ||      MOV #1, T1
     204              
     205                                                      ; call occurs [#_AIC3204_rset] ; |37| 
     206                      .dwpsn  file "../aic3204_tone_headphone.c",line 38,column 5,is_stmt
     207 000020 3C04          MOV #0, T0
     208              $C$DW$12        .dwtag  DW_TAG_TI_branch
     209                      .dwattr $C$DW$12, DW_AT_low_pc(0x00)
     210                      .dwattr $C$DW$12, DW_AT_name("_AIC3204_rset")
     211                      .dwattr $C$DW$12, DW_AT_TI_call
     212              
     213 000022 6C00          CALL #_AIC3204_rset ; |38| 
TMS320C55x Assembler PC v4.3.8 Thu Jun 09 17:19:12 2011

Tools Copyright (c) 1996-2010 Texas Instruments Incorporated
aic3204_tone_headphone.asm                                           PAGE    5

         000024 0000!
     214 000026 3D15  ||      MOV #1, T1
     215              
     216                                                      ; call occurs [#_AIC3204_rset] ; |38| 
     217                      .dwpsn  file "../aic3204_tone_headphone.c",line 39,column 5,is_stmt
     218 000028 3C14          MOV #1, T0
     219              $C$DW$13        .dwtag  DW_TAG_TI_branch
     220                      .dwattr $C$DW$13, DW_AT_low_pc(0x00)
     221                      .dwattr $C$DW$13, DW_AT_name("_AIC3204_rset")
     222                      .dwattr $C$DW$13, DW_AT_TI_call
     223              
     224 00002a 6C00          CALL #_AIC3204_rset ; |39| 
         00002c 0000!
     225 00002e 3D85  ||      MOV #8, T1
     226              
     227                                                      ; call occurs [#_AIC3204_rset] ; |39| 
     228                      .dwpsn  file "../aic3204_tone_headphone.c",line 40,column 5,is_stmt
     229 000030 3C24          MOV #2, T0
     230              $C$DW$14        .dwtag  DW_TAG_TI_branch
     231                      .dwattr $C$DW$14, DW_AT_low_pc(0x00)
     232                      .dwattr $C$DW$14, DW_AT_name("_AIC3204_rset")
     233                      .dwattr $C$DW$14, DW_AT_TI_call
     234              
     235 000032 6C00          CALL #_AIC3204_rset ; |40| 
         000034 0000!
     236 000036 3D15  ||      MOV #1, T1
     237              
     238                                                      ; call occurs [#_AIC3204_rset] ; |40| 
     239                      .dwpsn  file "../aic3204_tone_headphone.c",line 41,column 5,is_stmt
     240 000038 3C04          MOV #0, T0
     241              $C$DW$15        .dwtag  DW_TAG_TI_branch
     242                      .dwattr $C$DW$15, DW_AT_low_pc(0x00)
     243                      .dwattr $C$DW$15, DW_AT_name("_AIC3204_rset")
     244                      .dwattr $C$DW$15, DW_AT_TI_call
     245              
     246 00003a 6C00          CALL #_AIC3204_rset ; |41| 
         00003c 0000!
     247 00003e 3D05  ||      MOV #0, T1
     248              
     249                                                      ; call occurs [#_AIC3204_rset] ; |41| 
     250                      .dwpsn  file "../aic3204_tone_headphone.c",line 43,column 5,is_stmt
     251 000040 7600          MOV #27, T0 ; |43| 
         000042 1B48 
     252              $C$DW$16        .dwtag  DW_TAG_TI_branch
     253                      .dwattr $C$DW$16, DW_AT_low_pc(0x00)
     254                      .dwattr $C$DW$16, DW_AT_name("_AIC3204_rset")
     255                      .dwattr $C$DW$16, DW_AT_TI_call
     256              
     257 000044 6C00          CALL #_AIC3204_rset ; |43| 
         000046 0000!
     258 000048 3DD5  ||      MOV #13, T1
     259              
     260                                                      ; call occurs [#_AIC3204_rset] ; |43| 
     261                      .dwpsn  file "../aic3204_tone_headphone.c",line 44,column 5,is_stmt
     262 00004a 7600          MOV #28, T0 ; |44| 
TMS320C55x Assembler PC v4.3.8 Thu Jun 09 17:19:12 2011

Tools Copyright (c) 1996-2010 Texas Instruments Incorporated
aic3204_tone_headphone.asm                                           PAGE    6

         00004c 1C48 
     263              $C$DW$17        .dwtag  DW_TAG_TI_branch
     264                      .dwattr $C$DW$17, DW_AT_low_pc(0x00)
     265                      .dwattr $C$DW$17, DW_AT_name("_AIC3204_rset")
     266                      .dwattr $C$DW$17, DW_AT_TI_call
     267              
     268 00004e 6C00          CALL #_AIC3204_rset ; |44| 
         000050 0000!
     269 000052 3D05  ||      MOV #0, T1
     270              
     271                                                      ; call occurs [#_AIC3204_rset] ; |44| 
     272                      .dwpsn  file "../aic3204_tone_headphone.c",line 45,column 5,is_stmt
     273 000054 3C44          MOV #4, T0
     274              $C$DW$18        .dwtag  DW_TAG_TI_branch
     275                      .dwattr $C$DW$18, DW_AT_low_pc(0x00)
     276                      .dwattr $C$DW$18, DW_AT_name("_AIC3204_rset")
     277                      .dwattr $C$DW$18, DW_AT_TI_call
     278              
     279 000056 6C00          CALL #_AIC3204_rset ; |45| 
         000058 0000!
     280 00005a 3D35  ||      MOV #3, T1
     281              
     282                                                      ; call occurs [#_AIC3204_rset] ; |45| 
     283                      .dwpsn  file "../aic3204_tone_headphone.c",line 46,column 5,is_stmt
     284 00005c 3C64          MOV #6, T0
     285              $C$DW$19        .dwtag  DW_TAG_TI_branch
     286                      .dwattr $C$DW$19, DW_AT_low_pc(0x00)
     287                      .dwattr $C$DW$19, DW_AT_name("_AIC3204_rset")
     288                      .dwattr $C$DW$19, DW_AT_TI_call
     289              
     290 00005e 6C00          CALL #_AIC3204_rset ; |46| 
         000060 0000!
     291 000062 3D75  ||      MOV #7, T1
     292              
     293                                                      ; call occurs [#_AIC3204_rset] ; |46| 
     294                      .dwpsn  file "../aic3204_tone_headphone.c",line 47,column 5,is_stmt
     295 000064 3C74          MOV #7, T0
     296              $C$DW$20        .dwtag  DW_TAG_TI_branch
     297                      .dwattr $C$DW$20, DW_AT_low_pc(0x00)
     298                      .dwattr $C$DW$20, DW_AT_name("_AIC3204_rset")
     299                      .dwattr $C$DW$20, DW_AT_TI_call
     300              
     301 000066 6C00          CALL #_AIC3204_rset ; |47| 
         000068 0000!
     302 00006a 3D65  ||      MOV #6, T1
     303              
     304                                                      ; call occurs [#_AIC3204_rset] ; |47| 
     305                      .dwpsn  file "../aic3204_tone_headphone.c",line 48,column 5,is_stmt
     306 00006c 7600          MOV #144, T1 ; |48| 
         00006e 9058 
     307              $C$DW$21        .dwtag  DW_TAG_TI_branch
     308                      .dwattr $C$DW$21, DW_AT_low_pc(0x00)
     309                      .dwattr $C$DW$21, DW_AT_name("_AIC3204_rset")
     310                      .dwattr $C$DW$21, DW_AT_TI_call
     311              
TMS320C55x Assembler PC v4.3.8 Thu Jun 09 17:19:12 2011

Tools Copyright (c) 1996-2010 Texas Instruments Incorporated
aic3204_tone_headphone.asm                                           PAGE    7

     312 000070 6C00          CALL #_AIC3204_rset ; |48| 
         000072 0000!
     313 000074 3D84  ||      MOV #8, T0
     314              
     315                                                      ; call occurs [#_AIC3204_rset] ; |48| 
     316                      .dwpsn  file "../aic3204_tone_headphone.c",line 49,column 5,is_stmt
     317 000076 7600          MOV #136, T1 ; |49| 
         000078 8858 
     318 00007a 7600          MOV #30, T0 ; |49| 
         00007c 1E48 
     319              $C$DW$22        .dwtag  DW_TAG_TI_branch
     320                      .dwattr $C$DW$22, DW_AT_low_pc(0x00)
     321                      .dwattr $C$DW$22, DW_AT_name("_AIC3204_rset")
     322                      .dwattr $C$DW$22, DW_AT_TI_call
     323 00007e 6C00          CALL #_AIC3204_rset ; |49| 
         000080 0000!
     324                                                      ; call occurs [#_AIC3204_rset] ; |49| 
     325                      .dwpsn  file "../aic3204_tone_headphone.c",line 51,column 5,is_stmt
     326 000082 7600          MOV #145, T1 ; |51| 
         000084 9158 
     327              $C$DW$23        .dwtag  DW_TAG_TI_branch
     328                      .dwattr $C$DW$23, DW_AT_low_pc(0x00)
     329                      .dwattr $C$DW$23, DW_AT_name("_AIC3204_rset")
     330                      .dwattr $C$DW$23, DW_AT_TI_call
     331              
     332 000086 6C00          CALL #_AIC3204_rset ; |51| 
         000088 0000!
     333 00008a 3D54  ||      MOV #5, T0
     334              
     335                                                      ; call occurs [#_AIC3204_rset] ; |51| 
     336                      .dwpsn  file "../aic3204_tone_headphone.c",line 52,column 5,is_stmt
     337 00008c 3CD4          MOV #13, T0
     338              $C$DW$24        .dwtag  DW_TAG_TI_branch
     339                      .dwattr $C$DW$24, DW_AT_low_pc(0x00)
     340                      .dwattr $C$DW$24, DW_AT_name("_AIC3204_rset")
     341                      .dwattr $C$DW$24, DW_AT_TI_call
     342              
     343 00008e 6C00          CALL #_AIC3204_rset ; |52| 
         000090 0000!
     344 000092 3D05  ||      MOV #0, T1
     345              
     346                                                      ; call occurs [#_AIC3204_rset] ; |52| 
     347                      .dwpsn  file "../aic3204_tone_headphone.c",line 53,column 5,is_stmt
     348 000094 7600          MOV #128, T1 ; |53| 
         000096 8058 
     349              $C$DW$25        .dwtag  DW_TAG_TI_branch
     350                      .dwattr $C$DW$25, DW_AT_low_pc(0x00)
     351                      .dwattr $C$DW$25, DW_AT_name("_AIC3204_rset")
     352                      .dwattr $C$DW$25, DW_AT_TI_call
     353              
     354 000098 6C00          CALL #_AIC3204_rset ; |53| 
         00009a 0000!
     355 00009c 3DE4  ||      MOV #14, T0
     356              
     357                                                      ; call occurs [#_AIC3204_rset] ; |53| 
TMS320C55x Assembler PC v4.3.8 Thu Jun 09 17:19:12 2011

Tools Copyright (c) 1996-2010 Texas Instruments Incorporated
aic3204_tone_headphone.asm                                           PAGE    8

     358                      .dwpsn  file "../aic3204_tone_headphone.c",line 54,column 5,is_stmt
     359 00009e 7600          MOV #128, T1 ; |54| 
         0000a0 8058 
     360 0000a2 7600          MOV #20, T0 ; |54| 
         0000a4 1448 
     361              $C$DW$26        .dwtag  DW_TAG_TI_branch
     362                      .dwattr $C$DW$26, DW_AT_low_pc(0x00)
     363                      .dwattr $C$DW$26, DW_AT_name("_AIC3204_rset")
     364                      .dwattr $C$DW$26, DW_AT_TI_call
     365 0000a6 6C00          CALL #_AIC3204_rset ; |54| 
         0000a8 0000!
     366                                                      ; call occurs [#_AIC3204_rset] ; |54| 
     367                      .dwpsn  file "../aic3204_tone_headphone.c",line 55,column 5,is_stmt
     368 0000aa 7600          MOV #130, T1 ; |55| 
         0000ac 8258 
     369              $C$DW$27        .dwtag  DW_TAG_TI_branch
     370                      .dwattr $C$DW$27, DW_AT_low_pc(0x00)
     371                      .dwattr $C$DW$27, DW_AT_name("_AIC3204_rset")
     372                      .dwattr $C$DW$27, DW_AT_TI_call
     373              
     374 0000ae 6C00          CALL #_AIC3204_rset ; |55| 
         0000b0 0000!
     375 0000b2 3DB4  ||      MOV #11, T0
     376              
     377                                                      ; call occurs [#_AIC3204_rset] ; |55| 
     378                      .dwpsn  file "../aic3204_tone_headphone.c",line 56,column 5,is_stmt
     379 0000b4 7600          MOV #135, T1 ; |56| 
         0000b6 8758 
     380              $C$DW$28        .dwtag  DW_TAG_TI_branch
     381                      .dwattr $C$DW$28, DW_AT_low_pc(0x00)
     382                      .dwattr $C$DW$28, DW_AT_name("_AIC3204_rset")
     383                      .dwattr $C$DW$28, DW_AT_TI_call
     384              
     385 0000b8 6C00          CALL #_AIC3204_rset ; |56| 
         0000ba 0000!
     386 0000bc 3DC4  ||      MOV #12, T0
     387              
     388                                                      ; call occurs [#_AIC3204_rset] ; |56| 
     389                      .dwpsn  file "../aic3204_tone_headphone.c",line 57,column 5,is_stmt
     390 0000be 7600          MOV #135, T1 ; |57| 
         0000c0 8758 
     391 0000c2 7600          MOV #18, T0 ; |57| 
         0000c4 1248 
     392              $C$DW$29        .dwtag  DW_TAG_TI_branch
     393                      .dwattr $C$DW$29, DW_AT_low_pc(0x00)
     394                      .dwattr $C$DW$29, DW_AT_name("_AIC3204_rset")
     395                      .dwattr $C$DW$29, DW_AT_TI_call
     396 0000c6 6C00          CALL #_AIC3204_rset ; |57| 
         0000c8 0000!
     397                                                      ; call occurs [#_AIC3204_rset] ; |57| 
     398                      .dwpsn  file "../aic3204_tone_headphone.c",line 58,column 5,is_stmt
     399 0000ca 7600          MOV #130, T1 ; |58| 
         0000cc 8258 
     400 0000ce 7600          MOV #19, T0 ; |58| 
         0000d0 1348 
TMS320C55x Assembler PC v4.3.8 Thu Jun 09 17:19:12 2011

Tools Copyright (c) 1996-2010 Texas Instruments Incorporated
aic3204_tone_headphone.asm                                           PAGE    9

     401              $C$DW$30        .dwtag  DW_TAG_TI_branch
     402                      .dwattr $C$DW$30, DW_AT_low_pc(0x00)
     403                      .dwattr $C$DW$30, DW_AT_name("_AIC3204_rset")
     404                      .dwattr $C$DW$30, DW_AT_TI_call
     405 0000d2 6C00          CALL #_AIC3204_rset ; |58| 
         0000d4 0000!
     406                                                      ; call occurs [#_AIC3204_rset] ; |58| 
     407                      .dwpsn  file "../aic3204_tone_headphone.c",line 60,column 5,is_stmt
     408 0000d6 3C04          MOV #0, T0
     409              $C$DW$31        .dwtag  DW_TAG_TI_branch
     410                      .dwattr $C$DW$31, DW_AT_low_pc(0x00)
     411                      .dwattr $C$DW$31, DW_AT_name("_AIC3204_rset")
     412                      .dwattr $C$DW$31, DW_AT_TI_call
     413              
     414 0000d8 6C00          CALL #_AIC3204_rset ; |60| 
         0000da 0000!
     415 0000dc 3D15  ||      MOV #1, T1
     416              
     417                                                      ; call occurs [#_AIC3204_rset] ; |60| 
     418                      .dwpsn  file "../aic3204_tone_headphone.c",line 61,column 5,is_stmt
     419 0000de 3CC4          MOV #12, T0
     420              $C$DW$32        .dwtag  DW_TAG_TI_branch
     421                      .dwattr $C$DW$32, DW_AT_low_pc(0x00)
     422                      .dwattr $C$DW$32, DW_AT_name("_AIC3204_rset")
     423                      .dwattr $C$DW$32, DW_AT_TI_call
     424              
     425 0000e0 6C00          CALL #_AIC3204_rset ; |61| 
         0000e2 0000!
     426 0000e4 3D85  ||      MOV #8, T1
     427              
     428                                                      ; call occurs [#_AIC3204_rset] ; |61| 
     429                      .dwpsn  file "../aic3204_tone_headphone.c",line 62,column 5,is_stmt
     430 0000e6 3CD4          MOV #13, T0
     431              $C$DW$33        .dwtag  DW_TAG_TI_branch
     432                      .dwattr $C$DW$33, DW_AT_low_pc(0x00)
     433                      .dwattr $C$DW$33, DW_AT_name("_AIC3204_rset")
     434                      .dwattr $C$DW$33, DW_AT_TI_call
     435              
     436 0000e8 6C00          CALL #_AIC3204_rset ; |62| 
         0000ea 0000!
     437 0000ec 3D85  ||      MOV #8, T1
     438              
     439                                                      ; call occurs [#_AIC3204_rset] ; |62| 
     440                      .dwpsn  file "../aic3204_tone_headphone.c",line 63,column 5,is_stmt
     441 0000ee 3C04          MOV #0, T0
     442              $C$DW$34        .dwtag  DW_TAG_TI_branch
     443                      .dwattr $C$DW$34, DW_AT_low_pc(0x00)
     444                      .dwattr $C$DW$34, DW_AT_name("_AIC3204_rset")
     445                      .dwattr $C$DW$34, DW_AT_TI_call
     446              
     447 0000f0 6C00          CALL #_AIC3204_rset ; |63| 
         0000f2 0000!
     448 0000f4 3D05  ||      MOV #0, T1
     449              
     450                                                      ; call occurs [#_AIC3204_rset] ; |63| 
TMS320C55x Assembler PC v4.3.8 Thu Jun 09 17:19:12 2011

Tools Copyright (c) 1996-2010 Texas Instruments Incorporated
aic3204_tone_headphone.asm                                           PAGE   10

     451                      .dwpsn  file "../aic3204_tone_headphone.c",line 64,column 5,is_stmt
     452 0000f6 7600          MOV #64, T0 ; |64| 
         0000f8 4048 
     453              $C$DW$35        .dwtag  DW_TAG_TI_branch
     454                      .dwattr $C$DW$35, DW_AT_low_pc(0x00)
     455                      .dwattr $C$DW$35, DW_AT_name("_AIC3204_rset")
     456                      .dwattr $C$DW$35, DW_AT_TI_call
     457              
     458 0000fa 6C00          CALL #_AIC3204_rset ; |64| 
         0000fc 0000!
     459 0000fe 3D25  ||      MOV #2, T1
     460              
     461                                                      ; call occurs [#_AIC3204_rset] ; |64| 
     462                      .dwpsn  file "../aic3204_tone_headphone.c",line 65,column 5,is_stmt
     463 000100 7600          MOV #65, T0 ; |65| 
         000102 4148 
     464              $C$DW$36        .dwtag  DW_TAG_TI_branch
     465                      .dwattr $C$DW$36, DW_AT_low_pc(0x00)
     466                      .dwattr $C$DW$36, DW_AT_name("_AIC3204_rset")
     467                      .dwattr $C$DW$36, DW_AT_TI_call
     468              
     469 000104 6C00          CALL #_AIC3204_rset ; |65| 
         000106 0000!
     470 000108 3D05  ||      MOV #0, T1
     471              
     472                                                      ; call occurs [#_AIC3204_rset] ; |65| 
     473                      .dwpsn  file "../aic3204_tone_headphone.c",line 66,column 5,is_stmt
     474 00010a 7600          MOV #212, T1 ; |66| 
         00010c D458 
     475 00010e 7600          MOV #63, T0 ; |66| 
         000110 3F48 
     476              $C$DW$37        .dwtag  DW_TAG_TI_branch
     477                      .dwattr $C$DW$37, DW_AT_low_pc(0x00)
     478                      .dwattr $C$DW$37, DW_AT_name("_AIC3204_rset")
     479                      .dwattr $C$DW$37, DW_AT_TI_call
     480 000112 6C00          CALL #_AIC3204_rset ; |66| 
         000114 0000!
     481                                                      ; call occurs [#_AIC3204_rset] ; |66| 
     482                      .dwpsn  file "../aic3204_tone_headphone.c",line 67,column 5,is_stmt
     483 000116 3C04          MOV #0, T0
     484              $C$DW$38        .dwtag  DW_TAG_TI_branch
     485                      .dwattr $C$DW$38, DW_AT_low_pc(0x00)
     486                      .dwattr $C$DW$38, DW_AT_name("_AIC3204_rset")
     487                      .dwattr $C$DW$38, DW_AT_TI_call
     488              
     489 000118 6C00          CALL #_AIC3204_rset ; |67| 
         00011a 0000!
     490 00011c 3D15  ||      MOV #1, T1
     491              
     492                                                      ; call occurs [#_AIC3204_rset] ; |67| 
     493                      .dwpsn  file "../aic3204_tone_headphone.c",line 68,column 5,is_stmt
     494 00011e 7600          MOV #16, T0 ; |68| 
         000120 1048 
     495              $C$DW$39        .dwtag  DW_TAG_TI_branch
     496                      .dwattr $C$DW$39, DW_AT_low_pc(0x00)
TMS320C55x Assembler PC v4.3.8 Thu Jun 09 17:19:12 2011

Tools Copyright (c) 1996-2010 Texas Instruments Incorporated
aic3204_tone_headphone.asm                                           PAGE   11

     497                      .dwattr $C$DW$39, DW_AT_name("_AIC3204_rset")
     498                      .dwattr $C$DW$39, DW_AT_TI_call
     499              
     500 000122 6C00          CALL #_AIC3204_rset ; |68| 
         000124 0000!
     501 000126 3D05  ||      MOV #0, T1
     502              
     503                                                      ; call occurs [#_AIC3204_rset] ; |68| 
     504                      .dwpsn  file "../aic3204_tone_headphone.c",line 69,column 5,is_stmt
     505 000128 7600          MOV #17, T0 ; |69| 
         00012a 1148 
     506              $C$DW$40        .dwtag  DW_TAG_TI_branch
     507                      .dwattr $C$DW$40, DW_AT_low_pc(0x00)
     508                      .dwattr $C$DW$40, DW_AT_name("_AIC3204_rset")
     509                      .dwattr $C$DW$40, DW_AT_TI_call
     510              
     511 00012c 6C00          CALL #_AIC3204_rset ; |69| 
         00012e 0000!
     512 000130 3D05  ||      MOV #0, T1
     513              
     514                                                      ; call occurs [#_AIC3204_rset] ; |69| 
     515                      .dwpsn  file "../aic3204_tone_headphone.c",line 70,column 5,is_stmt
     516 000132 7600          MOV #48, T1 ; |70| 
         000134 3058 
     517              $C$DW$41        .dwtag  DW_TAG_TI_branch
     518                      .dwattr $C$DW$41, DW_AT_low_pc(0x00)
     519                      .dwattr $C$DW$41, DW_AT_name("_AIC3204_rset")
     520                      .dwattr $C$DW$41, DW_AT_TI_call
     521              
     522 000136 6C00          CALL #_AIC3204_rset ; |70| 
         000138 0000!
     523 00013a 3D94  ||      MOV #9, T0
     524              
     525                                                      ; call occurs [#_AIC3204_rset] ; |70| 
     526                      .dwpsn  file "../aic3204_tone_headphone.c",line 71,column 5,is_stmt
     527 00013c 3C04          MOV #0, T0
     528              $C$DW$42        .dwtag  DW_TAG_TI_branch
     529                      .dwattr $C$DW$42, DW_AT_low_pc(0x00)
     530                      .dwattr $C$DW$42, DW_AT_name("_AIC3204_rset")
     531                      .dwattr $C$DW$42, DW_AT_TI_call
     532              
     533 00013e 6C00          CALL #_AIC3204_rset ; |71| 
         000140 0000!
     534 000142 3D05  ||      MOV #0, T1
     535              
     536                                                      ; call occurs [#_AIC3204_rset] ; |71| 
     537                      .dwpsn  file "../aic3204_tone_headphone.c",line 72,column 5,is_stmt
     538 000144 7600          MOV #100, AC0 ; |72| 
         000146 6408 
     539              $C$DW$43        .dwtag  DW_TAG_TI_branch
     540                      .dwattr $C$DW$43, DW_AT_low_pc(0x00)
     541                      .dwattr $C$DW$43, DW_AT_name("_USBSTK5515_wait")
     542                      .dwattr $C$DW$43, DW_AT_TI_call
     543 000148 6C00          CALL #_USBSTK5515_wait ; |72| 
         00014a 0000!
TMS320C55x Assembler PC v4.3.8 Thu Jun 09 17:19:12 2011

Tools Copyright (c) 1996-2010 Texas Instruments Incorporated
aic3204_tone_headphone.asm                                           PAGE   12

     544                                                      ; call occurs [#_USBSTK5515_wait] ; |72| 
     545                      .dwpsn  file "../aic3204_tone_headphone.c",line 74,column 5,is_stmt
     546 00014c 3C04          MOV #0, T0
     547              $C$DW$44        .dwtag  DW_TAG_TI_branch
     548                      .dwattr $C$DW$44, DW_AT_low_pc(0x00)
     549                      .dwattr $C$DW$44, DW_AT_name("_AIC3204_rset")
     550                      .dwattr $C$DW$44, DW_AT_TI_call
     551              
     552 00014e 6C00          CALL #_AIC3204_rset ; |74| 
         000150 0000!
     553 000152 3D15  ||      MOV #1, T1
     554              
     555                                                      ; call occurs [#_AIC3204_rset] ; |74| 
     556                      .dwpsn  file "../aic3204_tone_headphone.c",line 75,column 5,is_stmt
     557 000154 7600          MOV #48, T1 ; |75| 
         000156 3058 
     558 000158 7600          MOV #52, T0 ; |75| 
         00015a 3448 
     559              $C$DW$45        .dwtag  DW_TAG_TI_branch
     560                      .dwattr $C$DW$45, DW_AT_low_pc(0x00)
     561                      .dwattr $C$DW$45, DW_AT_name("_AIC3204_rset")
     562                      .dwattr $C$DW$45, DW_AT_TI_call
     563 00015c 6C00          CALL #_AIC3204_rset ; |75| 
         00015e 0000!
     564                                                      ; call occurs [#_AIC3204_rset] ; |75| 
     565                      .dwpsn  file "../aic3204_tone_headphone.c",line 77,column 5,is_stmt
     566 000160 7600          MOV #48, T1 ; |77| 
         000162 3058 
     567 000164 7600          MOV #55, T0 ; |77| 
         000166 3748 
     568              $C$DW$46        .dwtag  DW_TAG_TI_branch
     569                      .dwattr $C$DW$46, DW_AT_low_pc(0x00)
     570                      .dwattr $C$DW$46, DW_AT_name("_AIC3204_rset")
     571                      .dwattr $C$DW$46, DW_AT_TI_call
     572 000168 6C00          CALL #_AIC3204_rset ; |77| 
         00016a 0000!
     573                                                      ; call occurs [#_AIC3204_rset] ; |77| 
     574                      .dwpsn  file "../aic3204_tone_headphone.c",line 78,column 5,is_stmt
     575 00016c 7600          MOV #54, T0 ; |78| 
         00016e 3648 
     576              $C$DW$47        .dwtag  DW_TAG_TI_branch
     577                      .dwattr $C$DW$47, DW_AT_low_pc(0x00)
     578                      .dwattr $C$DW$47, DW_AT_name("_AIC3204_rset")
     579                      .dwattr $C$DW$47, DW_AT_TI_call
     580              
     581 000170 6C00          CALL #_AIC3204_rset ; |78| 
         000172 0000!
     582 000174 3D35  ||      MOV #3, T1
     583              
     584                                                      ; call occurs [#_AIC3204_rset] ; |78| 
     585                      .dwpsn  file "../aic3204_tone_headphone.c",line 79,column 5,is_stmt
     586 000176 7600          MOV #192, T1 ; |79| 
         000178 C058 
     587 00017a 7600          MOV #57, T0 ; |79| 
         00017c 3948 
TMS320C55x Assembler PC v4.3.8 Thu Jun 09 17:19:12 2011

Tools Copyright (c) 1996-2010 Texas Instruments Incorporated
aic3204_tone_headphone.asm                                           PAGE   13

     588              $C$DW$48        .dwtag  DW_TAG_TI_branch
     589                      .dwattr $C$DW$48, DW_AT_low_pc(0x00)
     590                      .dwattr $C$DW$48, DW_AT_name("_AIC3204_rset")
     591                      .dwattr $C$DW$48, DW_AT_TI_call
     592 00017e 6C00          CALL #_AIC3204_rset ; |79| 
         000180 0000!
     593                                                      ; call occurs [#_AIC3204_rset] ; |79| 
     594                      .dwpsn  file "../aic3204_tone_headphone.c",line 80,column 5,is_stmt
     595 000182 7600          MOV #59, T0 ; |80| 
         000184 3B48 
     596              $C$DW$49        .dwtag  DW_TAG_TI_branch
     597                      .dwattr $C$DW$49, DW_AT_low_pc(0x00)
     598                      .dwattr $C$DW$49, DW_AT_name("_AIC3204_rset")
     599                      .dwattr $C$DW$49, DW_AT_TI_call
     600              
     601 000186 6C00          CALL #_AIC3204_rset ; |80| 
         000188 0000!
     602 00018a 3D05  ||      MOV #0, T1
     603              
     604                                                      ; call occurs [#_AIC3204_rset] ; |80| 
     605                      .dwpsn  file "../aic3204_tone_headphone.c",line 81,column 5,is_stmt
     606 00018c 7600          MOV #60, T0 ; |81| 
         00018e 3C48 
     607              $C$DW$50        .dwtag  DW_TAG_TI_branch
     608                      .dwattr $C$DW$50, DW_AT_low_pc(0x00)
     609                      .dwattr $C$DW$50, DW_AT_name("_AIC3204_rset")
     610                      .dwattr $C$DW$50, DW_AT_TI_call
     611              
     612 000190 6C00          CALL #_AIC3204_rset ; |81| 
         000192 0000!
     613 000194 3D05  ||      MOV #0, T1
     614              
     615                                                      ; call occurs [#_AIC3204_rset] ; |81| 
     616                      .dwpsn  file "../aic3204_tone_headphone.c",line 82,column 5,is_stmt
     617 000196 3C04          MOV #0, T0
     618              $C$DW$51        .dwtag  DW_TAG_TI_branch
     619                      .dwattr $C$DW$51, DW_AT_low_pc(0x00)
     620                      .dwattr $C$DW$51, DW_AT_name("_AIC3204_rset")
     621                      .dwattr $C$DW$51, DW_AT_TI_call
     622              
     623 000198 6C00          CALL #_AIC3204_rset ; |82| 
         00019a 0000!
     624 00019c 3D05  ||      MOV #0, T1
     625              
     626                                                      ; call occurs [#_AIC3204_rset] ; |82| 
     627                      .dwpsn  file "../aic3204_tone_headphone.c",line 83,column 5,is_stmt
     628 00019e 7600          MOV #192, T1 ; |83| 
         0001a0 C058 
     629 0001a2 7600          MOV #81, T0 ; |83| 
         0001a4 5148 
     630              $C$DW$52        .dwtag  DW_TAG_TI_branch
     631                      .dwattr $C$DW$52, DW_AT_low_pc(0x00)
     632                      .dwattr $C$DW$52, DW_AT_name("_AIC3204_rset")
     633                      .dwattr $C$DW$52, DW_AT_TI_call
     634 0001a6 6C00          CALL #_AIC3204_rset ; |83| 
TMS320C55x Assembler PC v4.3.8 Thu Jun 09 17:19:12 2011

Tools Copyright (c) 1996-2010 Texas Instruments Incorporated
aic3204_tone_headphone.asm                                           PAGE   14

         0001a8 0000!
     635                                                      ; call occurs [#_AIC3204_rset] ; |83| 
     636                      .dwpsn  file "../aic3204_tone_headphone.c",line 84,column 5,is_stmt
     637 0001aa 7600          MOV #82, T0 ; |84| 
         0001ac 5248 
     638              $C$DW$53        .dwtag  DW_TAG_TI_branch
     639                      .dwattr $C$DW$53, DW_AT_low_pc(0x00)
     640                      .dwattr $C$DW$53, DW_AT_name("_AIC3204_rset")
     641                      .dwattr $C$DW$53, DW_AT_TI_call
     642              
     643 0001ae 6C00          CALL #_AIC3204_rset ; |84| 
         0001b0 0000!
     644 0001b2 3D05  ||      MOV #0, T1
     645              
     646                                                      ; call occurs [#_AIC3204_rset] ; |84| 
     647                      .dwpsn  file "../aic3204_tone_headphone.c",line 86,column 5,is_stmt
     648 0001b4 3C04          MOV #0, T0
     649              $C$DW$54        .dwtag  DW_TAG_TI_branch
     650                      .dwattr $C$DW$54, DW_AT_low_pc(0x00)
     651                      .dwattr $C$DW$54, DW_AT_name("_AIC3204_rset")
     652                      .dwattr $C$DW$54, DW_AT_TI_call
     653              
     654 0001b6 6C00          CALL #_AIC3204_rset ; |86| 
         0001b8 0000!
     655 0001ba 3D05  ||      MOV #0, T1
     656              
     657                                                      ; call occurs [#_AIC3204_rset] ; |86| 
     658                      .dwpsn  file "../aic3204_tone_headphone.c",line 87,column 5,is_stmt
     659 0001bc 7600          MOV #200, AC0 ; |87| 
         0001be C808 
     660              $C$DW$55        .dwtag  DW_TAG_TI_branch
     661                      .dwattr $C$DW$55, DW_AT_low_pc(0x00)
     662                      .dwattr $C$DW$55, DW_AT_name("_USBSTK5515_wait")
     663                      .dwattr $C$DW$55, DW_AT_TI_call
     664 0001c0 6C00          CALL #_USBSTK5515_wait ; |87| 
         0001c2 0000!
     665                                                      ; call occurs [#_USBSTK5515_wait] ; |87| 
     666                      .dwpsn  file "../aic3204_tone_headphone.c",line 90,column 5,is_stmt
     667 0001c4 E651          MOV #0, *port(#10244) ; |90| 
         0001c6 0028 
         0001c8 04   
     668                      .dwpsn  file "../aic3204_tone_headphone.c",line 91,column 5,is_stmt
     669 0001c9 FB51          MOV #32784, *port(#10240) ; |91| 
         0001cb 8010 
         0001cd 2800 
     670                      .dwpsn  file "../aic3204_tone_headphone.c",line 92,column 5,is_stmt
     671 0001cf 7600          MOV #48, AR2 ; |99| 
         0001d1 30A8 
     672 0001d3 E651          MOV #63, *port(#10260) ; |92| 
         0001d5 3F28 
         0001d7 14   
     673 0001d8       $C$L3:    
     674 0001d8       $C$DW$L$_aic3204_tone_headphone$8$B:
     675 0001d8 EC00          AMAR *SP(#0), XAR3
         0001da BE   
TMS320C55x Assembler PC v4.3.8 Thu Jun 09 17:19:12 2011

Tools Copyright (c) 1996-2010 Texas Instruments Incorporated
aic3204_tone_headphone.asm                                           PAGE   15

     676                      .dwpsn  file "../aic3204_tone_headphone.c",line 99,column 19,is_stmt
     677 0001db 3C09          MOV #0, AR1
     678 0001dd       $C$DW$L$_aic3204_tone_headphone$8$E:
     679 0001dd       $C$L4:    
     680 0001dd       $C$DW$L$_aic3204_tone_headphone$9$B:
     681                      .dwpsn  file "../aic3204_tone_headphone.c",line 101,column 23,is_stmt
     682 0001dd DC51          BTST #5, *port(#10256), TC1 ; |101| 
         0001df 5028 
         0001e1 10   
     683 0001e2 6464          BCC $C$L6,TC1 ; |101| 
     684                                                      ; branchcc occurs ; |101| 
     685 0001e4       $C$DW$L$_aic3204_tone_headphone$9$E:
     686 0001e4       $C$L5:    
     687 0001e4       $C$DW$L$_aic3204_tone_headphone$10$B:
     688 0001e4 DC51          BTST #5, *port(#10256), TC1 ; |101| 
         0001e6 5028 
         0001e8 10   
     689 0001e9 0474          BCC $C$L5,!TC1 ; |101| 
         0001eb F8   
     690                                                      ; branchcc occurs ; |101| 
     691 0001ec       $C$DW$L$_aic3204_tone_headphone$10$E:
     692 0001ec       $C$L6:    
     693 0001ec       $C$DW$L$_aic3204_tone_headphone$11$B:
     694                      .dwpsn  file "../aic3204_tone_headphone.c",line 102,column 17,is_stmt
     695 0001ec AC63          MOV *AR3+, AR4 ; |102| 
     696 0001ee CC51          MOV AR4, *port(#10249) ; |102| 
         0001f0 2809 
     697                      .dwpsn  file "../aic3204_tone_headphone.c",line 103,column 17,is_stmt
     698 0001f2 CC51          MOV AR4, *port(#10253) ; |103| 
         0001f4 280D 
     699                      .dwpsn  file "../aic3204_tone_headphone.c",line 99,column 32,is_stmt
     700 0001f6 4019          ADD #1, AR1 ; |99| 
     701 0001f8 1294          CMP AR1 < AR2, TC1 ; |99| 
         0001fa A0   
     702 0001fb 0464          BCC $C$L4,TC1 ; |99| 
         0001fd DF   
     703                                                      ; branchcc occurs ; |99| 
     704 0001fe       $C$DW$L$_aic3204_tone_headphone$11$E:
     705 0001fe       $C$DW$L$_aic3204_tone_headphone$12$B:
     706 0001fe 4A58          B $C$L3
     707                                                      ; branch occurs
     708 000200       $C$DW$L$_aic3204_tone_headphone$12$E:
     709                      .dwcfi  cfa_offset, 1
     710              
     711              $C$DW$56        .dwtag  DW_TAG_TI_loop
     712                      .dwattr $C$DW$56, DW_AT_name("C:\Users\Kurt\Documents\Little_Projects\MCUs\C5515\usbstk5515_BSL_RevA\
     713                      .dwattr $C$DW$56, DW_AT_TI_begin_file("../aic3204_tone_headphone.c")
     714                      .dwattr $C$DW$56, DW_AT_TI_begin_line(0x61)
     715                      .dwattr $C$DW$56, DW_AT_TI_end_line(0x69)
     716              $C$DW$57        .dwtag  DW_TAG_TI_loop_range
     717                      .dwattr $C$DW$57, DW_AT_low_pc($C$DW$L$_aic3204_tone_headphone$8$B)
     718                      .dwattr $C$DW$57, DW_AT_high_pc($C$DW$L$_aic3204_tone_headphone$8$E)
     719              $C$DW$58        .dwtag  DW_TAG_TI_loop_range
     720                      .dwattr $C$DW$58, DW_AT_low_pc($C$DW$L$_aic3204_tone_headphone$12$B)
     721                      .dwattr $C$DW$58, DW_AT_high_pc($C$DW$L$_aic3204_tone_headphone$12$E)
TMS320C55x Assembler PC v4.3.8 Thu Jun 09 17:19:12 2011

Tools Copyright (c) 1996-2010 Texas Instruments Incorporated
aic3204_tone_headphone.asm                                           PAGE   16

     722              
     723              $C$DW$59        .dwtag  DW_TAG_TI_loop
     724                      .dwattr $C$DW$59, DW_AT_name("C:\Users\Kurt\Documents\Little_Projects\MCUs\C5515\usbstk5515_BSL_RevA\
     725                      .dwattr $C$DW$59, DW_AT_TI_begin_file("../aic3204_tone_headphone.c")
     726                      .dwattr $C$DW$59, DW_AT_TI_begin_line(0x63)
     727                      .dwattr $C$DW$59, DW_AT_TI_end_line(0x68)
     728              $C$DW$60        .dwtag  DW_TAG_TI_loop_range
     729                      .dwattr $C$DW$60, DW_AT_low_pc($C$DW$L$_aic3204_tone_headphone$9$B)
     730                      .dwattr $C$DW$60, DW_AT_high_pc($C$DW$L$_aic3204_tone_headphone$9$E)
     731              $C$DW$61        .dwtag  DW_TAG_TI_loop_range
     732                      .dwattr $C$DW$61, DW_AT_low_pc($C$DW$L$_aic3204_tone_headphone$11$B)
     733                      .dwattr $C$DW$61, DW_AT_high_pc($C$DW$L$_aic3204_tone_headphone$11$E)
     734              
     735              $C$DW$62        .dwtag  DW_TAG_TI_loop
     736                      .dwattr $C$DW$62, DW_AT_name("C:\Users\Kurt\Documents\Little_Projects\MCUs\C5515\usbstk5515_BSL_RevA\
     737                      .dwattr $C$DW$62, DW_AT_TI_begin_file("../aic3204_tone_headphone.c")
     738                      .dwattr $C$DW$62, DW_AT_TI_begin_line(0x65)
     739                      .dwattr $C$DW$62, DW_AT_TI_end_line(0x65)
     740              $C$DW$63        .dwtag  DW_TAG_TI_loop_range
     741                      .dwattr $C$DW$63, DW_AT_low_pc($C$DW$L$_aic3204_tone_headphone$10$B)
     742                      .dwattr $C$DW$63, DW_AT_high_pc($C$DW$L$_aic3204_tone_headphone$10$E)
     743                      .dwendtag $C$DW$62
     744              
     745                      .dwendtag $C$DW$59
     746              
     747                      .dwendtag $C$DW$56
     748              
     749              
     750              $C$DW$64        .dwtag  DW_TAG_TI_loop
     751                      .dwattr $C$DW$64, DW_AT_name("C:\Users\Kurt\Documents\Little_Projects\MCUs\C5515\usbstk5515_BSL_RevA\
     752                      .dwattr $C$DW$64, DW_AT_TI_begin_file("../aic3204_tone_headphone.c")
     753                      .dwattr $C$DW$64, DW_AT_TI_begin_line(0x18)
     754                      .dwattr $C$DW$64, DW_AT_TI_end_line(0x18)
     755              $C$DW$65        .dwtag  DW_TAG_TI_loop_range
     756                      .dwattr $C$DW$65, DW_AT_low_pc($C$DW$L$_aic3204_tone_headphone$2$B)
     757                      .dwattr $C$DW$65, DW_AT_high_pc($C$DW$L$_aic3204_tone_headphone$2$E)
     758                      .dwendtag $C$DW$64
     759              
     760                      .dwattr $C$DW$7, DW_AT_TI_end_file("../aic3204_tone_headphone.c")
     761                      .dwattr $C$DW$7, DW_AT_TI_end_line(0x70)
     762                      .dwattr $C$DW$7, DW_AT_TI_end_column(0x01)
     763                      .dwendentry
     764                      .dwendtag $C$DW$7
     765              
     766              ;******************************************************************************
     767              ;* UNDEFINED EXTERNAL REFERENCES                                              *
     768              ;******************************************************************************
     769                      .global _USBSTK5515_wait
     770                      .global _AIC3204_rset
     771              
     772              ;*******************************************************************************
     773              ;* TYPE INFORMATION                                                            *
     774              ;*******************************************************************************
     775              $C$DW$T$4       .dwtag  DW_TAG_base_type
     776                      .dwattr $C$DW$T$4, DW_AT_encoding(DW_ATE_boolean)
TMS320C55x Assembler PC v4.3.8 Thu Jun 09 17:19:12 2011

Tools Copyright (c) 1996-2010 Texas Instruments Incorporated
aic3204_tone_headphone.asm                                           PAGE   17

     777                      .dwattr $C$DW$T$4, DW_AT_name("bool")
     778                      .dwattr $C$DW$T$4, DW_AT_byte_size(0x01)
     779              $C$DW$T$5       .dwtag  DW_TAG_base_type
     780                      .dwattr $C$DW$T$5, DW_AT_encoding(DW_ATE_signed_char)
     781                      .dwattr $C$DW$T$5, DW_AT_name("signed char")
     782                      .dwattr $C$DW$T$5, DW_AT_byte_size(0x01)
     783              $C$DW$T$6       .dwtag  DW_TAG_base_type
     784                      .dwattr $C$DW$T$6, DW_AT_encoding(DW_ATE_unsigned_char)
     785                      .dwattr $C$DW$T$6, DW_AT_name("unsigned char")
     786                      .dwattr $C$DW$T$6, DW_AT_byte_size(0x01)
     787              $C$DW$T$19      .dwtag  DW_TAG_pointer_type
     788                      .dwattr $C$DW$T$19, DW_AT_type(*$C$DW$T$6)
     789                      .dwattr $C$DW$T$19, DW_AT_address_class(0x17)
     790              $C$DW$T$7       .dwtag  DW_TAG_base_type
     791                      .dwattr $C$DW$T$7, DW_AT_encoding(DW_ATE_signed_char)
     792                      .dwattr $C$DW$T$7, DW_AT_name("wchar_t")
     793                      .dwattr $C$DW$T$7, DW_AT_byte_size(0x01)
     794              $C$DW$T$8       .dwtag  DW_TAG_base_type
     795                      .dwattr $C$DW$T$8, DW_AT_encoding(DW_ATE_signed)
     796                      .dwattr $C$DW$T$8, DW_AT_name("short")
     797                      .dwattr $C$DW$T$8, DW_AT_byte_size(0x01)
     798              $C$DW$T$9       .dwtag  DW_TAG_base_type
     799                      .dwattr $C$DW$T$9, DW_AT_encoding(DW_ATE_unsigned)
     800                      .dwattr $C$DW$T$9, DW_AT_name("unsigned short")
     801                      .dwattr $C$DW$T$9, DW_AT_byte_size(0x01)
     802              $C$DW$T$10      .dwtag  DW_TAG_base_type
     803                      .dwattr $C$DW$T$10, DW_AT_encoding(DW_ATE_signed)
     804                      .dwattr $C$DW$T$10, DW_AT_name("int")
     805                      .dwattr $C$DW$T$10, DW_AT_byte_size(0x01)
     806              
     807              $C$DW$T$27      .dwtag  DW_TAG_array_type
     808                      .dwattr $C$DW$T$27, DW_AT_type(*$C$DW$T$10)
     809                      .dwattr $C$DW$T$27, DW_AT_language(DW_LANG_C)
     810                      .dwattr $C$DW$T$27, DW_AT_byte_size(0x30)
     811              $C$DW$66        .dwtag  DW_TAG_subrange_type
     812                      .dwattr $C$DW$66, DW_AT_upper_bound(0x2f)
     813                      .dwendtag $C$DW$T$27
     814              
     815              $C$DW$67        .dwtag  DW_TAG_TI_far_type
     816                      .dwattr $C$DW$67, DW_AT_type(*$C$DW$T$10)
     817              $C$DW$T$28      .dwtag  DW_TAG_const_type
     818                      .dwattr $C$DW$T$28, DW_AT_type(*$C$DW$67)
     819              
     820              $C$DW$T$29      .dwtag  DW_TAG_array_type
     821                      .dwattr $C$DW$T$29, DW_AT_type(*$C$DW$T$28)
     822                      .dwattr $C$DW$T$29, DW_AT_language(DW_LANG_C)
     823                      .dwattr $C$DW$T$29, DW_AT_byte_size(0x30)
     824              $C$DW$68        .dwtag  DW_TAG_subrange_type
     825                      .dwattr $C$DW$68, DW_AT_upper_bound(0x2f)
     826                      .dwendtag $C$DW$T$29
     827              
     828              $C$DW$T$11      .dwtag  DW_TAG_base_type
     829                      .dwattr $C$DW$T$11, DW_AT_encoding(DW_ATE_unsigned)
     830                      .dwattr $C$DW$T$11, DW_AT_name("unsigned int")
     831                      .dwattr $C$DW$T$11, DW_AT_byte_size(0x01)
TMS320C55x Assembler PC v4.3.8 Thu Jun 09 17:19:12 2011

Tools Copyright (c) 1996-2010 Texas Instruments Incorporated
aic3204_tone_headphone.asm                                           PAGE   18

     832              $C$DW$T$32      .dwtag  DW_TAG_typedef, DW_AT_name("size_t")
     833                      .dwattr $C$DW$T$32, DW_AT_type(*$C$DW$T$11)
     834                      .dwattr $C$DW$T$32, DW_AT_language(DW_LANG_C)
     835                      .dwattr $C$DW$T$32, DW_AT_decl_file("C:/Program Files (x86)/Texas Instruments/ccsv5/tools/compiler/c5
     836                      .dwattr $C$DW$T$32, DW_AT_decl_line(0x19)
     837                      .dwattr $C$DW$T$32, DW_AT_decl_column(0x19)
     838              $C$DW$T$12      .dwtag  DW_TAG_base_type
     839                      .dwattr $C$DW$T$12, DW_AT_encoding(DW_ATE_signed)
     840                      .dwattr $C$DW$T$12, DW_AT_name("long")
     841                      .dwattr $C$DW$T$12, DW_AT_byte_size(0x02)
     842              $C$DW$T$33      .dwtag  DW_TAG_typedef, DW_AT_name("fpos_t")
     843                      .dwattr $C$DW$T$33, DW_AT_type(*$C$DW$T$12)
     844                      .dwattr $C$DW$T$33, DW_AT_language(DW_LANG_C)
     845                      .dwattr $C$DW$T$33, DW_AT_decl_file("C:/Program Files (x86)/Texas Instruments/ccsv5/tools/compiler/c5
     846                      .dwattr $C$DW$T$33, DW_AT_decl_line(0x27)
     847                      .dwattr $C$DW$T$33, DW_AT_decl_column(0x0e)
     848              $C$DW$T$13      .dwtag  DW_TAG_base_type
     849                      .dwattr $C$DW$T$13, DW_AT_encoding(DW_ATE_unsigned)
     850                      .dwattr $C$DW$T$13, DW_AT_name("unsigned long")
     851                      .dwattr $C$DW$T$13, DW_AT_byte_size(0x02)
     852              $C$DW$T$14      .dwtag  DW_TAG_base_type
     853                      .dwattr $C$DW$T$14, DW_AT_encoding(DW_ATE_signed)
     854                      .dwattr $C$DW$T$14, DW_AT_name("long long")
     855                      .dwattr $C$DW$T$14, DW_AT_byte_size(0x04)
     856                      .dwattr $C$DW$T$14, DW_AT_bit_size(0x28)
     857                      .dwattr $C$DW$T$14, DW_AT_bit_offset(0x18)
     858              $C$DW$T$15      .dwtag  DW_TAG_base_type
     859                      .dwattr $C$DW$T$15, DW_AT_encoding(DW_ATE_unsigned)
     860                      .dwattr $C$DW$T$15, DW_AT_name("unsigned long long")
     861                      .dwattr $C$DW$T$15, DW_AT_byte_size(0x04)
     862                      .dwattr $C$DW$T$15, DW_AT_bit_size(0x28)
     863                      .dwattr $C$DW$T$15, DW_AT_bit_offset(0x18)
     864              $C$DW$T$16      .dwtag  DW_TAG_base_type
     865                      .dwattr $C$DW$T$16, DW_AT_encoding(DW_ATE_float)
     866                      .dwattr $C$DW$T$16, DW_AT_name("float")
     867                      .dwattr $C$DW$T$16, DW_AT_byte_size(0x02)
     868              $C$DW$T$17      .dwtag  DW_TAG_base_type
     869                      .dwattr $C$DW$T$17, DW_AT_encoding(DW_ATE_float)
     870                      .dwattr $C$DW$T$17, DW_AT_name("double")
     871                      .dwattr $C$DW$T$17, DW_AT_byte_size(0x02)
     872              $C$DW$T$18      .dwtag  DW_TAG_base_type
     873                      .dwattr $C$DW$T$18, DW_AT_encoding(DW_ATE_float)
     874                      .dwattr $C$DW$T$18, DW_AT_name("long double")
     875                      .dwattr $C$DW$T$18, DW_AT_byte_size(0x02)
     876              
     877              $C$DW$T$20      .dwtag  DW_TAG_structure_type
     878                      .dwattr $C$DW$T$20, DW_AT_byte_size(0x0c)
     879              $C$DW$69        .dwtag  DW_TAG_member
     880                      .dwattr $C$DW$69, DW_AT_type(*$C$DW$T$10)
     881                      .dwattr $C$DW$69, DW_AT_name("fd")
     882                      .dwattr $C$DW$69, DW_AT_TI_symbol_name("_fd")
     883                      .dwattr $C$DW$69, DW_AT_data_member_location[DW_OP_plus_uconst 0x0]
     884                      .dwattr $C$DW$69, DW_AT_accessibility(DW_ACCESS_public)
     885                      .dwattr $C$DW$69, DW_AT_decl_file("C:/Program Files (x86)/Texas Instruments/ccsv5/tools/compiler/c550
     886                      .dwattr $C$DW$69, DW_AT_decl_line(0x1d)
TMS320C55x Assembler PC v4.3.8 Thu Jun 09 17:19:12 2011

Tools Copyright (c) 1996-2010 Texas Instruments Incorporated
aic3204_tone_headphone.asm                                           PAGE   19

     887                      .dwattr $C$DW$69, DW_AT_decl_column(0x0b)
     888              $C$DW$70        .dwtag  DW_TAG_member
     889                      .dwattr $C$DW$70, DW_AT_type(*$C$DW$T$19)
     890                      .dwattr $C$DW$70, DW_AT_name("buf")
     891                      .dwattr $C$DW$70, DW_AT_TI_symbol_name("_buf")
     892                      .dwattr $C$DW$70, DW_AT_data_member_location[DW_OP_plus_uconst 0x2]
     893                      .dwattr $C$DW$70, DW_AT_accessibility(DW_ACCESS_public)
     894                      .dwattr $C$DW$70, DW_AT_decl_file("C:/Program Files (x86)/Texas Instruments/ccsv5/tools/compiler/c550
     895                      .dwattr $C$DW$70, DW_AT_decl_line(0x1e)
     896                      .dwattr $C$DW$70, DW_AT_decl_column(0x16)
     897              $C$DW$71        .dwtag  DW_TAG_member
     898                      .dwattr $C$DW$71, DW_AT_type(*$C$DW$T$19)
     899                      .dwattr $C$DW$71, DW_AT_name("pos")
     900                      .dwattr $C$DW$71, DW_AT_TI_symbol_name("_pos")
     901                      .dwattr $C$DW$71, DW_AT_data_member_location[DW_OP_plus_uconst 0x4]
     902                      .dwattr $C$DW$71, DW_AT_accessibility(DW_ACCESS_public)
     903                      .dwattr $C$DW$71, DW_AT_decl_file("C:/Program Files (x86)/Texas Instruments/ccsv5/tools/compiler/c550
     904                      .dwattr $C$DW$71, DW_AT_decl_line(0x1f)
     905                      .dwattr $C$DW$71, DW_AT_decl_column(0x16)
     906              $C$DW$72        .dwtag  DW_TAG_member
     907                      .dwattr $C$DW$72, DW_AT_type(*$C$DW$T$19)
     908                      .dwattr $C$DW$72, DW_AT_name("bufend")
     909                      .dwattr $C$DW$72, DW_AT_TI_symbol_name("_bufend")
     910                      .dwattr $C$DW$72, DW_AT_data_member_location[DW_OP_plus_uconst 0x6]
     911                      .dwattr $C$DW$72, DW_AT_accessibility(DW_ACCESS_public)
     912                      .dwattr $C$DW$72, DW_AT_decl_file("C:/Program Files (x86)/Texas Instruments/ccsv5/tools/compiler/c550
     913                      .dwattr $C$DW$72, DW_AT_decl_line(0x20)
     914                      .dwattr $C$DW$72, DW_AT_decl_column(0x16)
     915              $C$DW$73        .dwtag  DW_TAG_member
     916                      .dwattr $C$DW$73, DW_AT_type(*$C$DW$T$19)
     917                      .dwattr $C$DW$73, DW_AT_name("buff_stop")
     918                      .dwattr $C$DW$73, DW_AT_TI_symbol_name("_buff_stop")
     919                      .dwattr $C$DW$73, DW_AT_data_member_location[DW_OP_plus_uconst 0x8]
     920                      .dwattr $C$DW$73, DW_AT_accessibility(DW_ACCESS_public)
     921                      .dwattr $C$DW$73, DW_AT_decl_file("C:/Program Files (x86)/Texas Instruments/ccsv5/tools/compiler/c550
     922                      .dwattr $C$DW$73, DW_AT_decl_line(0x21)
     923                      .dwattr $C$DW$73, DW_AT_decl_column(0x16)
     924              $C$DW$74        .dwtag  DW_TAG_member
     925                      .dwattr $C$DW$74, DW_AT_type(*$C$DW$T$11)
     926                      .dwattr $C$DW$74, DW_AT_name("flags")
     927                      .dwattr $C$DW$74, DW_AT_TI_symbol_name("_flags")
     928                      .dwattr $C$DW$74, DW_AT_data_member_location[DW_OP_plus_uconst 0xa]
     929                      .dwattr $C$DW$74, DW_AT_accessibility(DW_ACCESS_public)
     930                      .dwattr $C$DW$74, DW_AT_decl_file("C:/Program Files (x86)/Texas Instruments/ccsv5/tools/compiler/c550
     931                      .dwattr $C$DW$74, DW_AT_decl_line(0x22)
     932                      .dwattr $C$DW$74, DW_AT_decl_column(0x16)
     933                      .dwendtag $C$DW$T$20
     934              
     935                      .dwattr $C$DW$T$20, DW_AT_decl_file("C:/Program Files (x86)/Texas Instruments/ccsv5/tools/compiler/c5
     936                      .dwattr $C$DW$T$20, DW_AT_decl_line(0x1c)
     937                      .dwattr $C$DW$T$20, DW_AT_decl_column(0x10)
     938              $C$DW$T$34      .dwtag  DW_TAG_typedef, DW_AT_name("FILE")
     939                      .dwattr $C$DW$T$34, DW_AT_type(*$C$DW$T$20)
     940                      .dwattr $C$DW$T$34, DW_AT_language(DW_LANG_C)
     941                      .dwattr $C$DW$T$34, DW_AT_decl_file("C:/Program Files (x86)/Texas Instruments/ccsv5/tools/compiler/c5
TMS320C55x Assembler PC v4.3.8 Thu Jun 09 17:19:12 2011

Tools Copyright (c) 1996-2010 Texas Instruments Incorporated
aic3204_tone_headphone.asm                                           PAGE   20

     942                      .dwattr $C$DW$T$34, DW_AT_decl_line(0x23)
     943                      .dwattr $C$DW$T$34, DW_AT_decl_column(0x03)
     944              $C$DW$T$35      .dwtag  DW_TAG_base_type
     945                      .dwattr $C$DW$T$35, DW_AT_encoding(DW_ATE_signed_char)
     946                      .dwattr $C$DW$T$35, DW_AT_name("signed char")
     947                      .dwattr $C$DW$T$35, DW_AT_byte_size(0x01)
     948              $C$DW$T$36      .dwtag  DW_TAG_pointer_type
     949                      .dwattr $C$DW$T$36, DW_AT_type(*$C$DW$T$35)
     950                      .dwattr $C$DW$T$36, DW_AT_address_class(0x17)
     951              $C$DW$T$37      .dwtag  DW_TAG_typedef, DW_AT_name("va_list")
     952                      .dwattr $C$DW$T$37, DW_AT_type(*$C$DW$T$36)
     953                      .dwattr $C$DW$T$37, DW_AT_language(DW_LANG_C)
     954                      .dwattr $C$DW$T$37, DW_AT_decl_file("C:/Program Files (x86)/Texas Instruments/ccsv5/tools/compiler/c5
     955                      .dwattr $C$DW$T$37, DW_AT_decl_line(0x0d)
     956                      .dwattr $C$DW$T$37, DW_AT_decl_column(0x0f)
     957                      .dwattr $C$DW$CU, DW_AT_language(DW_LANG_C)
     958              
     959              ;***************************************************************
     960              ;* DWARF CIE ENTRIES                                           *
     961              ;***************************************************************
     962              
     963              $C$DW$CIE       .dwcie 91
     964                      .dwcfi  cfa_register, 36
     965                      .dwcfi  cfa_offset, 0
     966                      .dwcfi  undefined, 0
     967                      .dwcfi  undefined, 1
     968                      .dwcfi  undefined, 2
     969                      .dwcfi  undefined, 3
     970                      .dwcfi  undefined, 4
     971                      .dwcfi  undefined, 5
     972                      .dwcfi  undefined, 6
     973                      .dwcfi  undefined, 7
     974                      .dwcfi  undefined, 8
     975                      .dwcfi  undefined, 9
     976                      .dwcfi  undefined, 10
     977                      .dwcfi  undefined, 11
     978                      .dwcfi  undefined, 12
     979                      .dwcfi  undefined, 13
     980                      .dwcfi  same_value, 14
     981                      .dwcfi  same_value, 15
     982                      .dwcfi  undefined, 16
     983                      .dwcfi  undefined, 17
     984                      .dwcfi  undefined, 18
     985                      .dwcfi  undefined, 19
     986                      .dwcfi  undefined, 20
     987                      .dwcfi  undefined, 21
     988                      .dwcfi  undefined, 22
     989                      .dwcfi  undefined, 23
     990                      .dwcfi  undefined, 24
     991                      .dwcfi  undefined, 25
     992                      .dwcfi  same_value, 26
     993                      .dwcfi  same_value, 27
     994                      .dwcfi  same_value, 28
     995                      .dwcfi  same_value, 29
     996                      .dwcfi  same_value, 30
TMS320C55x Assembler PC v4.3.8 Thu Jun 09 17:19:12 2011

Tools Copyright (c) 1996-2010 Texas Instruments Incorporated
aic3204_tone_headphone.asm                                           PAGE   21

     997                      .dwcfi  same_value, 31
     998                      .dwcfi  undefined, 32
     999                      .dwcfi  undefined, 33
    1000                      .dwcfi  undefined, 34
    1001                      .dwcfi  undefined, 35
    1002                      .dwcfi  undefined, 36
    1003                      .dwcfi  undefined, 37
    1004                      .dwcfi  undefined, 38
    1005                      .dwcfi  undefined, 39
    1006                      .dwcfi  undefined, 40
    1007                      .dwcfi  undefined, 41
    1008                      .dwcfi  undefined, 42
    1009                      .dwcfi  undefined, 43
    1010                      .dwcfi  undefined, 44
    1011                      .dwcfi  undefined, 45
    1012                      .dwcfi  undefined, 46
    1013                      .dwcfi  undefined, 47
    1014                      .dwcfi  undefined, 48
    1015                      .dwcfi  undefined, 49
    1016                      .dwcfi  undefined, 50
    1017                      .dwcfi  undefined, 51
    1018                      .dwcfi  undefined, 52
    1019                      .dwcfi  undefined, 53
    1020                      .dwcfi  undefined, 54
    1021                      .dwcfi  undefined, 55
    1022                      .dwcfi  undefined, 56
    1023                      .dwcfi  undefined, 57
    1024                      .dwcfi  undefined, 58
    1025                      .dwcfi  undefined, 59
    1026                      .dwcfi  undefined, 60
    1027                      .dwcfi  undefined, 61
    1028                      .dwcfi  undefined, 62
    1029                      .dwcfi  undefined, 63
    1030                      .dwcfi  undefined, 64
    1031                      .dwcfi  undefined, 65
    1032                      .dwcfi  undefined, 66
    1033                      .dwcfi  undefined, 67
    1034                      .dwcfi  undefined, 68
    1035                      .dwcfi  undefined, 69
    1036                      .dwcfi  undefined, 70
    1037                      .dwcfi  undefined, 71
    1038                      .dwcfi  undefined, 72
    1039                      .dwcfi  undefined, 73
    1040                      .dwcfi  undefined, 74
    1041                      .dwcfi  undefined, 75
    1042                      .dwcfi  undefined, 76
    1043                      .dwcfi  undefined, 77
    1044                      .dwcfi  undefined, 78
    1045                      .dwcfi  undefined, 79
    1046                      .dwcfi  undefined, 80
    1047                      .dwcfi  undefined, 81
    1048                      .dwcfi  undefined, 82
    1049                      .dwcfi  undefined, 83
    1050                      .dwcfi  undefined, 84
    1051                      .dwcfi  undefined, 85
TMS320C55x Assembler PC v4.3.8 Thu Jun 09 17:19:12 2011

Tools Copyright (c) 1996-2010 Texas Instruments Incorporated
aic3204_tone_headphone.asm                                           PAGE   22

    1052                      .dwcfi  undefined, 86
    1053                      .dwcfi  undefined, 87
    1054                      .dwcfi  undefined, 88
    1055                      .dwcfi  undefined, 89
    1056                      .dwcfi  undefined, 90
    1057                      .dwcfi  undefined, 91
    1058                      .dwendentry
    1059              
    1060              ;***************************************************************
    1061              ;* DWARF REGISTER MAP                                          *
    1062              ;***************************************************************
    1063              
    1064              $C$DW$75        .dwtag  DW_TAG_TI_assign_register, DW_AT_name("AC0")
    1065                      .dwattr $C$DW$75, DW_AT_location[DW_OP_reg0]
    1066              $C$DW$76        .dwtag  DW_TAG_TI_assign_register, DW_AT_name("AC0")
    1067                      .dwattr $C$DW$76, DW_AT_location[DW_OP_reg1]
    1068              $C$DW$77        .dwtag  DW_TAG_TI_assign_register, DW_AT_name("AC0_G")
    1069                      .dwattr $C$DW$77, DW_AT_location[DW_OP_reg2]
    1070              $C$DW$78        .dwtag  DW_TAG_TI_assign_register, DW_AT_name("AC1")
    1071                      .dwattr $C$DW$78, DW_AT_location[DW_OP_reg3]
    1072              $C$DW$79        .dwtag  DW_TAG_TI_assign_register, DW_AT_name("AC1")
    1073                      .dwattr $C$DW$79, DW_AT_location[DW_OP_reg4]
    1074              $C$DW$80        .dwtag  DW_TAG_TI_assign_register, DW_AT_name("AC1_G")
    1075                      .dwattr $C$DW$80, DW_AT_location[DW_OP_reg5]
    1076              $C$DW$81        .dwtag  DW_TAG_TI_assign_register, DW_AT_name("AC2")
    1077                      .dwattr $C$DW$81, DW_AT_location[DW_OP_reg6]
    1078              $C$DW$82        .dwtag  DW_TAG_TI_assign_register, DW_AT_name("AC2")
    1079                      .dwattr $C$DW$82, DW_AT_location[DW_OP_reg7]
    1080              $C$DW$83        .dwtag  DW_TAG_TI_assign_register, DW_AT_name("AC2_G")
    1081                      .dwattr $C$DW$83, DW_AT_location[DW_OP_reg8]
    1082              $C$DW$84        .dwtag  DW_TAG_TI_assign_register, DW_AT_name("AC3")
    1083                      .dwattr $C$DW$84, DW_AT_location[DW_OP_reg9]
    1084              $C$DW$85        .dwtag  DW_TAG_TI_assign_register, DW_AT_name("AC3")
    1085                      .dwattr $C$DW$85, DW_AT_location[DW_OP_reg10]
    1086              $C$DW$86        .dwtag  DW_TAG_TI_assign_register, DW_AT_name("AC3_G")
    1087                      .dwattr $C$DW$86, DW_AT_location[DW_OP_reg11]
    1088              $C$DW$87        .dwtag  DW_TAG_TI_assign_register, DW_AT_name("T0")
    1089                      .dwattr $C$DW$87, DW_AT_location[DW_OP_reg12]
    1090              $C$DW$88        .dwtag  DW_TAG_TI_assign_register, DW_AT_name("T1")
    1091                      .dwattr $C$DW$88, DW_AT_location[DW_OP_reg13]
    1092              $C$DW$89        .dwtag  DW_TAG_TI_assign_register, DW_AT_name("T2")
    1093                      .dwattr $C$DW$89, DW_AT_location[DW_OP_reg14]
    1094              $C$DW$90        .dwtag  DW_TAG_TI_assign_register, DW_AT_name("T3")
    1095                      .dwattr $C$DW$90, DW_AT_location[DW_OP_reg15]
    1096              $C$DW$91        .dwtag  DW_TAG_TI_assign_register, DW_AT_name("AR0")
    1097                      .dwattr $C$DW$91, DW_AT_location[DW_OP_reg16]
    1098              $C$DW$92        .dwtag  DW_TAG_TI_assign_register, DW_AT_name("XAR0")
    1099                      .dwattr $C$DW$92, DW_AT_location[DW_OP_reg17]
    1100              $C$DW$93        .dwtag  DW_TAG_TI_assign_register, DW_AT_name("AR1")
    1101                      .dwattr $C$DW$93, DW_AT_location[DW_OP_reg18]
    1102              $C$DW$94        .dwtag  DW_TAG_TI_assign_register, DW_AT_name("XAR1")
    1103                      .dwattr $C$DW$94, DW_AT_location[DW_OP_reg19]
    1104              $C$DW$95        .dwtag  DW_TAG_TI_assign_register, DW_AT_name("AR2")
    1105                      .dwattr $C$DW$95, DW_AT_location[DW_OP_reg20]
    1106              $C$DW$96        .dwtag  DW_TAG_TI_assign_register, DW_AT_name("XAR2")
TMS320C55x Assembler PC v4.3.8 Thu Jun 09 17:19:12 2011

Tools Copyright (c) 1996-2010 Texas Instruments Incorporated
aic3204_tone_headphone.asm                                           PAGE   23

    1107                      .dwattr $C$DW$96, DW_AT_location[DW_OP_reg21]
    1108              $C$DW$97        .dwtag  DW_TAG_TI_assign_register, DW_AT_name("AR3")
    1109                      .dwattr $C$DW$97, DW_AT_location[DW_OP_reg22]
    1110              $C$DW$98        .dwtag  DW_TAG_TI_assign_register, DW_AT_name("XAR3")
    1111                      .dwattr $C$DW$98, DW_AT_location[DW_OP_reg23]
    1112              $C$DW$99        .dwtag  DW_TAG_TI_assign_register, DW_AT_name("AR4")
    1113                      .dwattr $C$DW$99, DW_AT_location[DW_OP_reg24]
    1114              $C$DW$100       .dwtag  DW_TAG_TI_assign_register, DW_AT_name("XAR4")
    1115                      .dwattr $C$DW$100, DW_AT_location[DW_OP_reg25]
    1116              $C$DW$101       .dwtag  DW_TAG_TI_assign_register, DW_AT_name("AR5")
    1117                      .dwattr $C$DW$101, DW_AT_location[DW_OP_reg26]
    1118              $C$DW$102       .dwtag  DW_TAG_TI_assign_register, DW_AT_name("XAR5")
    1119                      .dwattr $C$DW$102, DW_AT_location[DW_OP_reg27]
    1120              $C$DW$103       .dwtag  DW_TAG_TI_assign_register, DW_AT_name("AR6")
    1121                      .dwattr $C$DW$103, DW_AT_location[DW_OP_reg28]
    1122              $C$DW$104       .dwtag  DW_TAG_TI_assign_register, DW_AT_name("XAR6")
    1123                      .dwattr $C$DW$104, DW_AT_location[DW_OP_reg29]
    1124              $C$DW$105       .dwtag  DW_TAG_TI_assign_register, DW_AT_name("AR7")
    1125                      .dwattr $C$DW$105, DW_AT_location[DW_OP_reg30]
    1126              $C$DW$106       .dwtag  DW_TAG_TI_assign_register, DW_AT_name("XAR7")
    1127                      .dwattr $C$DW$106, DW_AT_location[DW_OP_reg31]
    1128              $C$DW$107       .dwtag  DW_TAG_TI_assign_register, DW_AT_name("FP")
    1129                      .dwattr $C$DW$107, DW_AT_location[DW_OP_regx 0x20]
    1130              $C$DW$108       .dwtag  DW_TAG_TI_assign_register, DW_AT_name("XFP")
    1131                      .dwattr $C$DW$108, DW_AT_location[DW_OP_regx 0x21]
    1132              $C$DW$109       .dwtag  DW_TAG_TI_assign_register, DW_AT_name("PC")
    1133                      .dwattr $C$DW$109, DW_AT_location[DW_OP_regx 0x22]
    1134              $C$DW$110       .dwtag  DW_TAG_TI_assign_register, DW_AT_name("SP")
    1135                      .dwattr $C$DW$110, DW_AT_location[DW_OP_regx 0x23]
    1136              $C$DW$111       .dwtag  DW_TAG_TI_assign_register, DW_AT_name("XSP")
    1137                      .dwattr $C$DW$111, DW_AT_location[DW_OP_regx 0x24]
    1138              $C$DW$112       .dwtag  DW_TAG_TI_assign_register, DW_AT_name("BKC")
    1139                      .dwattr $C$DW$112, DW_AT_location[DW_OP_regx 0x25]
    1140              $C$DW$113       .dwtag  DW_TAG_TI_assign_register, DW_AT_name("BK03")
    1141                      .dwattr $C$DW$113, DW_AT_location[DW_OP_regx 0x26]
    1142              $C$DW$114       .dwtag  DW_TAG_TI_assign_register, DW_AT_name("BK47")
    1143                      .dwattr $C$DW$114, DW_AT_location[DW_OP_regx 0x27]
    1144              $C$DW$115       .dwtag  DW_TAG_TI_assign_register, DW_AT_name("ST0")
    1145                      .dwattr $C$DW$115, DW_AT_location[DW_OP_regx 0x28]
    1146              $C$DW$116       .dwtag  DW_TAG_TI_assign_register, DW_AT_name("ST1")
    1147                      .dwattr $C$DW$116, DW_AT_location[DW_OP_regx 0x29]
    1148              $C$DW$117       .dwtag  DW_TAG_TI_assign_register, DW_AT_name("ST2")
    1149                      .dwattr $C$DW$117, DW_AT_location[DW_OP_regx 0x2a]
    1150              $C$DW$118       .dwtag  DW_TAG_TI_assign_register, DW_AT_name("ST3")
    1151                      .dwattr $C$DW$118, DW_AT_location[DW_OP_regx 0x2b]
    1152              $C$DW$119       .dwtag  DW_TAG_TI_assign_register, DW_AT_name("MDP")
    1153                      .dwattr $C$DW$119, DW_AT_location[DW_OP_regx 0x2c]
    1154              $C$DW$120       .dwtag  DW_TAG_TI_assign_register, DW_AT_name("MDP05")
    1155                      .dwattr $C$DW$120, DW_AT_location[DW_OP_regx 0x2d]
    1156              $C$DW$121       .dwtag  DW_TAG_TI_assign_register, DW_AT_name("MDP67")
    1157                      .dwattr $C$DW$121, DW_AT_location[DW_OP_regx 0x2e]
    1158              $C$DW$122       .dwtag  DW_TAG_TI_assign_register, DW_AT_name("BRC0")
    1159                      .dwattr $C$DW$122, DW_AT_location[DW_OP_regx 0x2f]
    1160              $C$DW$123       .dwtag  DW_TAG_TI_assign_register, DW_AT_name("RSA0")
    1161                      .dwattr $C$DW$123, DW_AT_location[DW_OP_regx 0x30]
TMS320C55x Assembler PC v4.3.8 Thu Jun 09 17:19:12 2011

Tools Copyright (c) 1996-2010 Texas Instruments Incorporated
aic3204_tone_headphone.asm                                           PAGE   24

    1162              $C$DW$124       .dwtag  DW_TAG_TI_assign_register, DW_AT_name("RSA0_H")
    1163                      .dwattr $C$DW$124, DW_AT_location[DW_OP_regx 0x31]
    1164              $C$DW$125       .dwtag  DW_TAG_TI_assign_register, DW_AT_name("REA0")
    1165                      .dwattr $C$DW$125, DW_AT_location[DW_OP_regx 0x32]
    1166              $C$DW$126       .dwtag  DW_TAG_TI_assign_register, DW_AT_name("REA0_H")
    1167                      .dwattr $C$DW$126, DW_AT_location[DW_OP_regx 0x33]
    1168              $C$DW$127       .dwtag  DW_TAG_TI_assign_register, DW_AT_name("BRS1")
    1169                      .dwattr $C$DW$127, DW_AT_location[DW_OP_regx 0x34]
    1170              $C$DW$128       .dwtag  DW_TAG_TI_assign_register, DW_AT_name("BRC1")
    1171                      .dwattr $C$DW$128, DW_AT_location[DW_OP_regx 0x35]
    1172              $C$DW$129       .dwtag  DW_TAG_TI_assign_register, DW_AT_name("RSA1")
    1173                      .dwattr $C$DW$129, DW_AT_location[DW_OP_regx 0x36]
    1174              $C$DW$130       .dwtag  DW_TAG_TI_assign_register, DW_AT_name("RSA1_H")
    1175                      .dwattr $C$DW$130, DW_AT_location[DW_OP_regx 0x37]
    1176              $C$DW$131       .dwtag  DW_TAG_TI_assign_register, DW_AT_name("REA1")
    1177                      .dwattr $C$DW$131, DW_AT_location[DW_OP_regx 0x38]
    1178              $C$DW$132       .dwtag  DW_TAG_TI_assign_register, DW_AT_name("REA1_H")
    1179                      .dwattr $C$DW$132, DW_AT_location[DW_OP_regx 0x39]
    1180              $C$DW$133       .dwtag  DW_TAG_TI_assign_register, DW_AT_name("CSR")
    1181                      .dwattr $C$DW$133, DW_AT_location[DW_OP_regx 0x3a]
    1182              $C$DW$134       .dwtag  DW_TAG_TI_assign_register, DW_AT_name("RPTC")
    1183                      .dwattr $C$DW$134, DW_AT_location[DW_OP_regx 0x3b]
    1184              $C$DW$135       .dwtag  DW_TAG_TI_assign_register, DW_AT_name("CDP")
    1185                      .dwattr $C$DW$135, DW_AT_location[DW_OP_regx 0x3c]
    1186              $C$DW$136       .dwtag  DW_TAG_TI_assign_register, DW_AT_name("XCDP")
    1187                      .dwattr $C$DW$136, DW_AT_location[DW_OP_regx 0x3d]
    1188              $C$DW$137       .dwtag  DW_TAG_TI_assign_register, DW_AT_name("TRN0")
    1189                      .dwattr $C$DW$137, DW_AT_location[DW_OP_regx 0x3e]
    1190              $C$DW$138       .dwtag  DW_TAG_TI_assign_register, DW_AT_name("TRN1")
    1191                      .dwattr $C$DW$138, DW_AT_location[DW_OP_regx 0x3f]
    1192              $C$DW$139       .dwtag  DW_TAG_TI_assign_register, DW_AT_name("BSA01")
    1193                      .dwattr $C$DW$139, DW_AT_location[DW_OP_regx 0x40]
    1194              $C$DW$140       .dwtag  DW_TAG_TI_assign_register, DW_AT_name("BSA23")
    1195                      .dwattr $C$DW$140, DW_AT_location[DW_OP_regx 0x41]
    1196              $C$DW$141       .dwtag  DW_TAG_TI_assign_register, DW_AT_name("BSA45")
    1197                      .dwattr $C$DW$141, DW_AT_location[DW_OP_regx 0x42]
    1198              $C$DW$142       .dwtag  DW_TAG_TI_assign_register, DW_AT_name("BSA67")
    1199                      .dwattr $C$DW$142, DW_AT_location[DW_OP_regx 0x43]
    1200              $C$DW$143       .dwtag  DW_TAG_TI_assign_register, DW_AT_name("BSAC")
    1201                      .dwattr $C$DW$143, DW_AT_location[DW_OP_regx 0x44]
    1202              $C$DW$144       .dwtag  DW_TAG_TI_assign_register, DW_AT_name("CARRY")
    1203                      .dwattr $C$DW$144, DW_AT_location[DW_OP_regx 0x45]
    1204              $C$DW$145       .dwtag  DW_TAG_TI_assign_register, DW_AT_name("TC1")
    1205                      .dwattr $C$DW$145, DW_AT_location[DW_OP_regx 0x46]
    1206              $C$DW$146       .dwtag  DW_TAG_TI_assign_register, DW_AT_name("TC2")
    1207                      .dwattr $C$DW$146, DW_AT_location[DW_OP_regx 0x47]
    1208              $C$DW$147       .dwtag  DW_TAG_TI_assign_register, DW_AT_name("M40")
    1209                      .dwattr $C$DW$147, DW_AT_location[DW_OP_regx 0x48]
    1210              $C$DW$148       .dwtag  DW_TAG_TI_assign_register, DW_AT_name("SXMD")
    1211                      .dwattr $C$DW$148, DW_AT_location[DW_OP_regx 0x49]
    1212              $C$DW$149       .dwtag  DW_TAG_TI_assign_register, DW_AT_name("ARMS")
    1213                      .dwattr $C$DW$149, DW_AT_location[DW_OP_regx 0x4a]
    1214              $C$DW$150       .dwtag  DW_TAG_TI_assign_register, DW_AT_name("C54CM")
    1215                      .dwattr $C$DW$150, DW_AT_location[DW_OP_regx 0x4b]
    1216              $C$DW$151       .dwtag  DW_TAG_TI_assign_register, DW_AT_name("SATA")
TMS320C55x Assembler PC v4.3.8 Thu Jun 09 17:19:12 2011

Tools Copyright (c) 1996-2010 Texas Instruments Incorporated
aic3204_tone_headphone.asm                                           PAGE   25

    1217                      .dwattr $C$DW$151, DW_AT_location[DW_OP_regx 0x4c]
    1218              $C$DW$152       .dwtag  DW_TAG_TI_assign_register, DW_AT_name("SATD")
    1219                      .dwattr $C$DW$152, DW_AT_location[DW_OP_regx 0x4d]
    1220              $C$DW$153       .dwtag  DW_TAG_TI_assign_register, DW_AT_name("RDM")
    1221                      .dwattr $C$DW$153, DW_AT_location[DW_OP_regx 0x4e]
    1222              $C$DW$154       .dwtag  DW_TAG_TI_assign_register, DW_AT_name("FRCT")
    1223                      .dwattr $C$DW$154, DW_AT_location[DW_OP_regx 0x4f]
    1224              $C$DW$155       .dwtag  DW_TAG_TI_assign_register, DW_AT_name("SMUL")
    1225                      .dwattr $C$DW$155, DW_AT_location[DW_OP_regx 0x50]
    1226              $C$DW$156       .dwtag  DW_TAG_TI_assign_register, DW_AT_name("INTM")
    1227                      .dwattr $C$DW$156, DW_AT_location[DW_OP_regx 0x51]
    1228              $C$DW$157       .dwtag  DW_TAG_TI_assign_register, DW_AT_name("AR0LC")
    1229                      .dwattr $C$DW$157, DW_AT_location[DW_OP_regx 0x52]
    1230              $C$DW$158       .dwtag  DW_TAG_TI_assign_register, DW_AT_name("AR1LC")
    1231                      .dwattr $C$DW$158, DW_AT_location[DW_OP_regx 0x53]
    1232              $C$DW$159       .dwtag  DW_TAG_TI_assign_register, DW_AT_name("AR2LC")
    1233                      .dwattr $C$DW$159, DW_AT_location[DW_OP_regx 0x54]
    1234              $C$DW$160       .dwtag  DW_TAG_TI_assign_register, DW_AT_name("AR3LC")
    1235                      .dwattr $C$DW$160, DW_AT_location[DW_OP_regx 0x55]
    1236              $C$DW$161       .dwtag  DW_TAG_TI_assign_register, DW_AT_name("AR4LC")
    1237                      .dwattr $C$DW$161, DW_AT_location[DW_OP_regx 0x56]
    1238              $C$DW$162       .dwtag  DW_TAG_TI_assign_register, DW_AT_name("AR5LC")
    1239                      .dwattr $C$DW$162, DW_AT_location[DW_OP_regx 0x57]
    1240              $C$DW$163       .dwtag  DW_TAG_TI_assign_register, DW_AT_name("AR6LC")
    1241                      .dwattr $C$DW$163, DW_AT_location[DW_OP_regx 0x58]
    1242              $C$DW$164       .dwtag  DW_TAG_TI_assign_register, DW_AT_name("AR7LC")
    1243                      .dwattr $C$DW$164, DW_AT_location[DW_OP_regx 0x59]
    1244              $C$DW$165       .dwtag  DW_TAG_TI_assign_register, DW_AT_name("CDPLC")
    1245                      .dwattr $C$DW$165, DW_AT_location[DW_OP_regx 0x5a]
    1246              $C$DW$166       .dwtag  DW_TAG_TI_assign_register, DW_AT_name("CIE_RETA")
    1247                      .dwattr $C$DW$166, DW_AT_location[DW_OP_regx 0x5b]
    1248                      .dwendtag $C$DW$CU
    1249              
    1249              
    1249              

No Assembly Errors, No Assembly Warnings
