TMS320C55x Assembler PC v4.3.8 Thu Jun 09 17:03:45 2011

Tools Copyright (c) 1996-2010 Texas Instruments Incorporated
main.asm                                                             PAGE    1

     820              ; Temporary Registers Used: None
       1              ;*******************************************************************************
       2              ;* TMS320C55x C/C++ Codegen                                          PC v4.3.8 *
       3              ;* Date/Time created: Thu Jun 09 17:03:45 2011                                 *
       4              ;*******************************************************************************
       5                      .compiler_opts --hll_source=on --mem_model:code=flat --mem_model:data=large --silicon_core_3_3 --symd
       6                      .mmregs
       7                      .cpl_on
       8                      .arms_on
       9                      .c54cm_off
      10                      .asg AR6, FP
      11                      .asg XAR6, XFP
      12                      .asg DPH, MDP
      13                      .model call=c55_std
      14                      .model mem=large
      15                      .noremark 5002  ; code respects overwrite rules
      16              ;*******************************************************************************
      17              ;* GLOBAL FILE PARAMETERS                                                      *
      18              ;*                                                                             *
      19              ;*   Architecture       : TMS320C55x                                           *
      20              ;*   Optimizing for     : Speed                                                *
      21              ;*   Memory             : Large Model (23-Bit Data Pointers)                   *
      22              ;*   Calls              : Normal Library ASM calls                             *
      23              ;*   Debug Info         : Standard TI Debug Information                        *
      24              ;*******************************************************************************
      25              
      26              $C$DW$CU        .dwtag  DW_TAG_compile_unit
      27                      .dwattr $C$DW$CU, DW_AT_name("../main.c")
      28                      .dwattr $C$DW$CU, DW_AT_producer("TMS320C55x C/C++ Codegen PC v4.3.8 Copyright (c) 1996-2010 Texas In
      29                      .dwattr $C$DW$CU, DW_AT_TI_version(0x01)
      30                      .dwattr $C$DW$CU, DW_AT_comp_dir("C:\Users\Kurt\Documents\Little_Projects\MCUs\C5515\usbstk5515_BSL_R
      31              
      32              $C$DW$1 .dwtag  DW_TAG_subprogram, DW_AT_name("printf")
      33                      .dwattr $C$DW$1, DW_AT_TI_symbol_name("_printf")
      34                      .dwattr $C$DW$1, DW_AT_type(*$C$DW$T$10)
      35                      .dwattr $C$DW$1, DW_AT_declaration
      36                      .dwattr $C$DW$1, DW_AT_external
      37                      .dwattr $C$DW$1, DW_AT_decl_file("C:/Program Files (x86)/Texas Instruments/ccsv5/tools/compiler/c5500
      38                      .dwattr $C$DW$1, DW_AT_decl_line(0x8b)
      39                      .dwattr $C$DW$1, DW_AT_decl_column(0x19)
      40              $C$DW$2 .dwtag  DW_TAG_formal_parameter
      41                      .dwattr $C$DW$2, DW_AT_type(*$C$DW$T$32)
      42              $C$DW$3 .dwtag  DW_TAG_unspecified_parameters
      43                      .dwendtag $C$DW$1
      44              
      45              
      46              $C$DW$4 .dwtag  DW_TAG_subprogram, DW_AT_name("USBSTK5515_init")
      47                      .dwattr $C$DW$4, DW_AT_TI_symbol_name("_USBSTK5515_init")
      48                      .dwattr $C$DW$4, DW_AT_type(*$C$DW$T$10)
      49                      .dwattr $C$DW$4, DW_AT_declaration
      50                      .dwattr $C$DW$4, DW_AT_external
      51                      .dwattr $C$DW$4, DW_AT_decl_file("..\..\..\include\usbstk5515.h")
      52                      .dwattr $C$DW$4, DW_AT_decl_line(0x6a)
      53                      .dwattr $C$DW$4, DW_AT_decl_column(0x07)
      54              
TMS320C55x Assembler PC v4.3.8 Thu Jun 09 17:03:45 2011

Tools Copyright (c) 1996-2010 Texas Instruments Incorporated
main.asm                                                             PAGE    2

      55              $C$DW$5 .dwtag  DW_TAG_subprogram, DW_AT_name("aic3204_test")
      56                      .dwattr $C$DW$5, DW_AT_TI_symbol_name("_aic3204_test")
      57                      .dwattr $C$DW$5, DW_AT_type(*$C$DW$T$10)
      58                      .dwattr $C$DW$5, DW_AT_declaration
      59                      .dwattr $C$DW$5, DW_AT_external
      60                      .dwattr $C$DW$5, DW_AT_decl_file("../main.c")
      61                      .dwattr $C$DW$5, DW_AT_decl_line(0x4d)
      62                      .dwattr $C$DW$5, DW_AT_decl_column(0x0e)
      63              ;       C:\Program Files (x86)\Texas Instruments\ccsv5\tools\compiler\c5500\bin\opt55.exe C:\\Users\\Kurt\\Ap
      64 000000               .sect   ".text"
      65                      .global _TEST_execute
      66              
      67              $C$DW$6 .dwtag  DW_TAG_subprogram, DW_AT_name("TEST_execute")
      68                      .dwattr $C$DW$6, DW_AT_low_pc(_TEST_execute)
      69                      .dwattr $C$DW$6, DW_AT_high_pc(0x00)
      70                      .dwattr $C$DW$6, DW_AT_TI_symbol_name("_TEST_execute")
      71                      .dwattr $C$DW$6, DW_AT_external
      72                      .dwattr $C$DW$6, DW_AT_TI_begin_file("../main.c")
      73                      .dwattr $C$DW$6, DW_AT_TI_begin_line(0x10)
      74                      .dwattr $C$DW$6, DW_AT_TI_begin_column(0x06)
      75                      .dwattr $C$DW$6, DW_AT_decl_file("../main.c")
      76                      .dwattr $C$DW$6, DW_AT_decl_line(0x10)
      77                      .dwattr $C$DW$6, DW_AT_decl_column(0x06)
      78                      .dwattr $C$DW$6, DW_AT_TI_max_frame_size(0x0a)
      79                      .dwpsn  file "../main.c",line 17,column 1,is_stmt,address _TEST_execute
      80              
      81                      .dwfde $C$DW$CIE, _TEST_execute
      82              $C$DW$7 .dwtag  DW_TAG_formal_parameter, DW_AT_name("funchandle")
      83                      .dwattr $C$DW$7, DW_AT_TI_symbol_name("_funchandle")
      84                      .dwattr $C$DW$7, DW_AT_type(*$C$DW$T$22)
      85                      .dwattr $C$DW$7, DW_AT_location[DW_OP_reg1]
      86              $C$DW$8 .dwtag  DW_TAG_formal_parameter, DW_AT_name("testname")
      87                      .dwattr $C$DW$8, DW_AT_TI_symbol_name("_testname")
      88                      .dwattr $C$DW$8, DW_AT_type(*$C$DW$T$24)
      89                      .dwattr $C$DW$8, DW_AT_location[DW_OP_reg17]
      90              $C$DW$9 .dwtag  DW_TAG_formal_parameter, DW_AT_name("testid")
      91                      .dwattr $C$DW$9, DW_AT_TI_symbol_name("_testid")
      92                      .dwattr $C$DW$9, DW_AT_type(*$C$DW$T$10)
      93                      .dwattr $C$DW$9, DW_AT_location[DW_OP_reg12]
      94              ;*******************************************************************************
      95              ;* FUNCTION NAME: TEST_execute                                                 *
      96              ;*                                                                             *
      97              ;*   Function Uses Regs : AC0,AC0,T0,AR0,XAR0,AR3,XAR3,SP,M40,SATA,SATD,RDM,   *
      98              ;*                        FRCT,SMUL                                            *
      99              ;*   Stack Frame        : Compact (No Frame Pointer, w/ debug)                 *
     100              ;*   Total Frame Size   : 10 words                                             *
     101              ;*                        (2 return address/alignment)                         *
     102              ;*                        (6 function parameters)                              *
     103              ;*                        (2 local values)                                     *
     104              ;*   Min System Stack   : 1 word                                               *
     105              ;*******************************************************************************
     106              
     107              ;*******************************************************************************
     108              ;*                                                                             *
     109              ;* Using -g (debug) with optimization (-o3) may disable key optimizations!     *
TMS320C55x Assembler PC v4.3.8 Thu Jun 09 17:03:45 2011

Tools Copyright (c) 1996-2010 Texas Instruments Incorporated
main.asm                                                             PAGE    3

     110              ;*                                                                             *
     111              ;*******************************************************************************
     112 000000       _TEST_execute:
     113                      .dwcfi  cfa_offset, 1
     114                      .dwcfi  save_reg_to_mem, 91, -1
     115 000000 4EF7          AADD #-9, SP
     116                      .dwcfi  cfa_offset, 10
     117              ;* T0    assigned to _testid
     118              $C$DW$10        .dwtag  DW_TAG_variable, DW_AT_name("testid")
     119                      .dwattr $C$DW$10, DW_AT_TI_symbol_name("_testid")
     120                      .dwattr $C$DW$10, DW_AT_type(*$C$DW$T$37)
     121                      .dwattr $C$DW$10, DW_AT_location[DW_OP_reg12]
     122              ;* AR0   assigned to _testname
     123              $C$DW$11        .dwtag  DW_TAG_variable, DW_AT_name("testname")
     124                      .dwattr $C$DW$11, DW_AT_TI_symbol_name("_testname")
     125                      .dwattr $C$DW$11, DW_AT_type(*$C$DW$T$53)
     126                      .dwattr $C$DW$11, DW_AT_location[DW_OP_reg17]
     127              $C$DW$12        .dwtag  DW_TAG_variable, DW_AT_name("funchandle")
     128                      .dwattr $C$DW$12, DW_AT_TI_symbol_name("_funchandle")
     129                      .dwattr $C$DW$12, DW_AT_type(*$C$DW$T$30)
     130                      .dwattr $C$DW$12, DW_AT_location[DW_OP_bregx 0x24 6]
     131              ;* T0    assigned to _status
     132              $C$DW$13        .dwtag  DW_TAG_variable, DW_AT_name("status")
     133                      .dwattr $C$DW$13, DW_AT_TI_symbol_name("_status")
     134                      .dwattr $C$DW$13, DW_AT_type(*$C$DW$T$10)
     135                      .dwattr $C$DW$13, DW_AT_location[DW_OP_reg12]
     136 000002 EB0C          MOV AC0, dbl(*SP(#6)) ; |17| 
         000004 08   
     137                      .dwpsn  file "../main.c",line 56,column 5,is_stmt
     138 000005 EC31          AMOV #$C$FSL1, XAR3 ; |56| 
         000007 BE00 
         000009 0000+
     139 00000b EB00          MOV XAR3, dbl(*SP(#0))
         00000d B5   
     140 00000e C404          MOV T0, *SP(#2) ; |56| 
     141 000010 EB08          MOV XAR0, dbl(*SP(#4))
         000012 85   
     142              $C$DW$14        .dwtag  DW_TAG_TI_branch
     143                      .dwattr $C$DW$14, DW_AT_low_pc(0x00)
     144                      .dwattr $C$DW$14, DW_AT_name("_printf")
     145                      .dwattr $C$DW$14, DW_AT_TI_call
     146 000013 6C00          CALL #_printf ; |56| 
         000015 0000!
     147                                                      ; call occurs [#_printf] ; |56| 
     148                      .dwpsn  file "../main.c",line 59,column 5,is_stmt
     149 000017 ED0C          MOV dbl(*SP(#6)), AC0
         000019 08   
     150              $C$DW$15        .dwtag  DW_TAG_TI_branch
     151                      .dwattr $C$DW$15, DW_AT_low_pc(0x00)
     152                      .dwattr $C$DW$15, DW_AT_TI_call
     153                      .dwattr $C$DW$15, DW_AT_TI_indirect
     154 00001a 9200          CALL AC0  ; |59| 
     155                                                      ; call occurs [AC0] ; |59| 
     156 00001c 6794          BCC $C$L1,T0 != #0 ; |59| 
     157                                                      ; branchcc occurs ; |59| 
TMS320C55x Assembler PC v4.3.8 Thu Jun 09 17:03:45 2011

Tools Copyright (c) 1996-2010 Texas Instruments Incorporated
main.asm                                                             PAGE    4

     158                      .dwpsn  file "../main.c",line 73,column 9,is_stmt
     159 00001e EC31          AMOV #$C$FSL2, XAR3 ; |73| 
         000020 BE00 
         000022 0016+
     160 000024 EB00          MOV XAR3, dbl(*SP(#0))
         000026 B5   
     161              $C$DW$16        .dwtag  DW_TAG_TI_branch
     162                      .dwattr $C$DW$16, DW_AT_low_pc(0x00)
     163                      .dwattr $C$DW$16, DW_AT_name("_printf")
     164                      .dwattr $C$DW$16, DW_AT_TI_call
     165 000027 6C00          CALL #_printf ; |73| 
         000029 0000!
     166                                                      ; call occurs [#_printf] ; |73| 
     167 00002b 4A11          B $C$L3
     168                                                      ; branch occurs
     169 00002d       $C$L1:    
     170                      .dwpsn  file "../main.c",line 65,column 9,is_stmt
     171 00002d EC31          AMOV #$C$FSL3, XAR3 ; |65| 
         00002f BE00 
         000031 0020+
     172 000033 EB00          MOV XAR3, dbl(*SP(#0))
         000035 B5   
     173 000036 C404          MOV T0, *SP(#2) ; |65| 
     174              $C$DW$17        .dwtag  DW_TAG_TI_branch
     175                      .dwattr $C$DW$17, DW_AT_low_pc(0x00)
     176                      .dwattr $C$DW$17, DW_AT_name("_printf")
     177                      .dwattr $C$DW$17, DW_AT_TI_call
     178 000038 6C00          CALL #_printf ; |65| 
         00003a 0000!
     179                                                      ; call occurs [#_printf] ; |65| 
     180 00003c       $C$L2:    
     181 00003c       $C$DW$L$_TEST_execute$4$B:
     182                      .dwpsn  file "../main.c",line 68,column 9,is_stmt
     183 00003c 4A7E          B $C$L2   ; |68| 
     184                                                      ; branch occurs ; |68| 
     185 00003e       $C$DW$L$_TEST_execute$4$E:
     186 00003e       $C$L3:    
     187                      .dwpsn  file "../main.c",line 75,column 1,is_stmt
     188 00003e 4E09          AADD #9, SP
     189                      .dwcfi  cfa_offset, 1
     190              $C$DW$18        .dwtag  DW_TAG_TI_branch
     191                      .dwattr $C$DW$18, DW_AT_low_pc(0x00)
     192                      .dwattr $C$DW$18, DW_AT_TI_return
     193 000040 4804          RET
     194                                                      ; return occurs
     195              
     196              $C$DW$19        .dwtag  DW_TAG_TI_loop
     197                      .dwattr $C$DW$19, DW_AT_name("C:\Users\Kurt\Documents\Little_Projects\MCUs\C5515\usbstk5515_BSL_RevA\
     198                      .dwattr $C$DW$19, DW_AT_TI_begin_file("../main.c")
     199                      .dwattr $C$DW$19, DW_AT_TI_begin_line(0x44)
     200                      .dwattr $C$DW$19, DW_AT_TI_end_line(0x44)
     201              $C$DW$20        .dwtag  DW_TAG_TI_loop_range
     202                      .dwattr $C$DW$20, DW_AT_low_pc($C$DW$L$_TEST_execute$4$B)
     203                      .dwattr $C$DW$20, DW_AT_high_pc($C$DW$L$_TEST_execute$4$E)
     204                      .dwendtag $C$DW$19
TMS320C55x Assembler PC v4.3.8 Thu Jun 09 17:03:45 2011

Tools Copyright (c) 1996-2010 Texas Instruments Incorporated
main.asm                                                             PAGE    5

     205              
     206                      .dwattr $C$DW$6, DW_AT_TI_end_file("../main.c")
     207                      .dwattr $C$DW$6, DW_AT_TI_end_line(0x4b)
     208                      .dwattr $C$DW$6, DW_AT_TI_end_column(0x01)
     209                      .dwendentry
     210                      .dwendtag $C$DW$6
     211              
     212 000042               .sect   ".text"
     213                      .global _main
     214              
     215              $C$DW$21        .dwtag  DW_TAG_subprogram, DW_AT_name("main")
     216                      .dwattr $C$DW$21, DW_AT_low_pc(_main)
     217                      .dwattr $C$DW$21, DW_AT_high_pc(0x00)
     218                      .dwattr $C$DW$21, DW_AT_TI_symbol_name("_main")
     219                      .dwattr $C$DW$21, DW_AT_external
     220                      .dwattr $C$DW$21, DW_AT_TI_begin_file("../main.c")
     221                      .dwattr $C$DW$21, DW_AT_TI_begin_line(0x54)
     222                      .dwattr $C$DW$21, DW_AT_TI_begin_column(0x06)
     223                      .dwattr $C$DW$21, DW_AT_decl_file("../main.c")
     224                      .dwattr $C$DW$21, DW_AT_decl_line(0x54)
     225                      .dwattr $C$DW$21, DW_AT_decl_column(0x06)
     226                      .dwattr $C$DW$21, DW_AT_TI_max_frame_size(0x04)
     227                      .dwpsn  file "../main.c",line 85,column 1,is_stmt,address _main
     228              
     229                      .dwfde $C$DW$CIE, _main
     230              ;*******************************************************************************
     231              ;* FUNCTION NAME: main                                                         *
     232              ;*                                                                             *
     233              ;*   Function Uses Regs : AC0,AC0,T0,AR0,XAR0,AR1,AR3,XAR3,SP,M40,SATA,SATD,   *
     234              ;*                        RDM,FRCT,SMUL                                        *
     235              ;*   Stack Frame        : Compact (No Frame Pointer, w/ debug)                 *
     236              ;*   Total Frame Size   : 4 words                                              *
     237              ;*                        (1 return address/alignment)                         *
     238              ;*                        (3 function parameters)                              *
     239              ;*   Min System Stack   : 1 word                                               *
     240              ;*******************************************************************************
     241              
     242              ;*******************************************************************************
     243              ;*                                                                             *
     244              ;* Using -g (debug) with optimization (-o3) may disable key optimizations!     *
     245              ;*                                                                             *
     246              ;*******************************************************************************
     247 000042       _main:
     248                      .dwcfi  cfa_offset, 1
     249                      .dwcfi  save_reg_to_mem, 91, -1
     250 000042 4EFD          AADD #-3, SP
     251                      .dwcfi  cfa_offset, 4
     252                      .dwpsn  file "../main.c",line 87,column 5,is_stmt
     253              $C$DW$22        .dwtag  DW_TAG_TI_branch
     254                      .dwattr $C$DW$22, DW_AT_low_pc(0x00)
     255                      .dwattr $C$DW$22, DW_AT_name("_USBSTK5515_init")
     256                      .dwattr $C$DW$22, DW_AT_TI_call
     257 000044 6C00          CALL #_USBSTK5515_init ; |87| 
         000046 0000!
     258                                                      ; call occurs [#_USBSTK5515_init] ; |87| 
TMS320C55x Assembler PC v4.3.8 Thu Jun 09 17:03:45 2011

Tools Copyright (c) 1996-2010 Texas Instruments Incorporated
main.asm                                                             PAGE    6

     259                      .dwpsn  file "../main.c",line 89,column 5,is_stmt
     260 000048 EC31          AMOV #$C$FSL4, XAR3 ; |89| 
         00004a BE00 
         00004c 0048+
     261 00004e A951          MOV *port(#7168), AR1 ; |89| 
         000050 1C00 
     262 000052 EB00          MOV XAR3, dbl(*SP(#0))
         000054 B5   
     263 000055 C904          MOV AR1, *SP(#2) ; |89| 
     264              $C$DW$23        .dwtag  DW_TAG_TI_branch
     265                      .dwattr $C$DW$23, DW_AT_low_pc(0x00)
     266                      .dwattr $C$DW$23, DW_AT_name("_printf")
     267                      .dwattr $C$DW$23, DW_AT_TI_call
     268 000057 6C00          CALL #_printf ; |89| 
         000059 0000!
     269                                                      ; call occurs [#_printf] ; |89| 
     270                      .dwpsn  file "../main.c",line 91,column 5,is_stmt
     271 00005b 7A00          MOV #(_aic3204_test >> 16) << #16, AC0 ; |91| 
         00005d 000A%
     272 00005f EC31          AMOV #$C$FSL5, XAR0 ; |91| 
         000061 8E00 
         000063 005A+
     273 000065 7E00          OR #(_aic3204_test & 0xffff), AC0, AC0 ; |91| 
         000067 0000%
     274              $C$DW$24        .dwtag  DW_TAG_TI_branch
     275                      .dwattr $C$DW$24, DW_AT_low_pc(0x00)
     276                      .dwattr $C$DW$24, DW_AT_name("_TEST_execute")
     277                      .dwattr $C$DW$24, DW_AT_TI_call
     278              
     279 000069 08FF          CALL #_TEST_execute ; |91| 
         00006b 92   
     280 00006c 3D14  ||      MOV #1, T0
     281              
     282                                                      ; call occurs [#_TEST_execute] ; |91| 
     283                      .dwpsn  file "../main.c",line 93,column 5,is_stmt
     284 00006e EC31          AMOV #$C$FSL6, XAR3 ; |93| 
         000070 BE00 
         000072 0062+
     285 000074 EB00          MOV XAR3, dbl(*SP(#0))
         000076 B5   
     286              $C$DW$25        .dwtag  DW_TAG_TI_branch
     287                      .dwattr $C$DW$25, DW_AT_low_pc(0x00)
     288                      .dwattr $C$DW$25, DW_AT_name("_printf")
     289                      .dwattr $C$DW$25, DW_AT_TI_call
     290 000077 6C00          CALL #_printf ; |93| 
         000079 0000!
     291                                                      ; call occurs [#_printf] ; |93| 
     292 00007b       $C$L4:    
     293 00007b       $C$DW$L$_main$2$B:
     294                      .dwpsn  file "../main.c",line 94,column 5,is_stmt
     295 00007b 4A7E          B $C$L4   ; |94| 
     296                                                      ; branch occurs ; |94| 
     297 00007d       $C$DW$L$_main$2$E:
     298                      .dwcfi  cfa_offset, 1
     299              
TMS320C55x Assembler PC v4.3.8 Thu Jun 09 17:03:45 2011

Tools Copyright (c) 1996-2010 Texas Instruments Incorporated
main.asm                                                             PAGE    7

     300              $C$DW$26        .dwtag  DW_TAG_TI_loop
     301                      .dwattr $C$DW$26, DW_AT_name("C:\Users\Kurt\Documents\Little_Projects\MCUs\C5515\usbstk5515_BSL_RevA\
     302                      .dwattr $C$DW$26, DW_AT_TI_begin_file("../main.c")
     303                      .dwattr $C$DW$26, DW_AT_TI_begin_line(0x5e)
     304                      .dwattr $C$DW$26, DW_AT_TI_end_line(0x5e)
     305              $C$DW$27        .dwtag  DW_TAG_TI_loop_range
     306                      .dwattr $C$DW$27, DW_AT_low_pc($C$DW$L$_main$2$B)
     307                      .dwattr $C$DW$27, DW_AT_high_pc($C$DW$L$_main$2$E)
     308                      .dwendtag $C$DW$26
     309              
     310                      .dwattr $C$DW$21, DW_AT_TI_end_file("../main.c")
     311                      .dwattr $C$DW$21, DW_AT_TI_end_line(0x5f)
     312                      .dwattr $C$DW$21, DW_AT_TI_end_column(0x01)
     313                      .dwendentry
     314                      .dwendtag $C$DW$21
     315              
     316              ;*******************************************************************************
     317              ;* FAR STRINGS                                                                 *
     318              ;*******************************************************************************
     319 000000               .sect   ".const:.string"
     320                      .align  2
     321 000000 0025  $C$FSL1:        .string "%02d  Testing %s...",10,0
         000001 0030 
         000002 0032 
         000003 0064 
         000004 0020 
         000005 0020 
         000006 0054 
         000007 0065 
         000008 0073 
         000009 0074 
         00000a 0069 
         00000b 006E 
         00000c 0067 
         00000d 0020 
         00000e 0025 
         00000f 0073 
         000010 002E 
         000011 002E 
         000012 002E 
         000013 000A 
         000014 0000 
     322                      .align  2
     323 000016 0020  $C$FSL2:        .string "    PASS",10,0
         000017 0020 
         000018 0020 
         000019 0020 
         00001a 0050 
         00001b 0041 
         00001c 0053 
         00001d 0053 
         00001e 000A 
         00001f 0000 
     324                      .align  2
     325 000020 0020  $C$FSL3:        .string "     FAIL... error code %d... quitting",10,0
TMS320C55x Assembler PC v4.3.8 Thu Jun 09 17:03:45 2011

Tools Copyright (c) 1996-2010 Texas Instruments Incorporated
main.asm                                                             PAGE    8

         000021 0020 
         000022 0020 
         000023 0020 
         000024 0020 
         000025 0046 
         000026 0041 
         000027 0049 
         000028 004C 
         000029 002E 
         00002a 002E 
         00002b 002E 
         00002c 0020 
         00002d 0065 
         00002e 0072 
         00002f 0072 
         000030 006F 
         000031 0072 
         000032 0020 
         000033 0063 
         000034 006F 
         000035 0064 
         000036 0065 
         000037 0020 
         000038 0025 
         000039 0064 
         00003a 002E 
         00003b 002E 
         00003c 002E 
         00003d 0020 
         00003e 0071 
         00003f 0075 
         000040 0069 
         000041 0074 
         000042 0074 
         000043 0069 
         000044 006E 
         000045 0067 
         000046 000A 
         000047 0000 
     326                      .align  2
     327 000048 0045  $C$FSL4:        .string "EXBUSSEL = %02x",10,0
         000049 0058 
         00004a 0042 
         00004b 0055 
         00004c 0053 
         00004d 0053 
         00004e 0045 
         00004f 004C 
         000050 0020 
         000051 003D 
         000052 0020 
         000053 0025 
         000054 0030 
         000055 0032 
         000056 0078 
TMS320C55x Assembler PC v4.3.8 Thu Jun 09 17:03:45 2011

Tools Copyright (c) 1996-2010 Texas Instruments Incorporated
main.asm                                                             PAGE    9

         000057 000A 
         000058 0000 
     328                      .align  2
     329 00005a 0041  $C$FSL5:        .string "AIC3204",0
         00005b 0049 
         00005c 0043 
         00005d 0033 
         00005e 0032 
         00005f 0030 
         000060 0034 
         000061 0000 
     330                      .align  2
     331 000062 000A  $C$FSL6:        .string 10,"***ALL Tests Passed***",10,0
         000063 002A 
         000064 002A 
         000065 002A 
         000066 0041 
         000067 004C 
         000068 004C 
         000069 0020 
         00006a 0054 
         00006b 0065 
         00006c 0073 
         00006d 0074 
         00006e 0073 
         00006f 0020 
         000070 0050 
         000071 0061 
         000072 0073 
         000073 0073 
         000074 0065 
         000075 0064 
         000076 002A 
         000077 002A 
         000078 002A 
         000079 000A 
         00007a 0000 
     332              ;******************************************************************************
     333              ;* UNDEFINED EXTERNAL REFERENCES                                              *
     334              ;******************************************************************************
     335                      .global _printf
     336                      .global _USBSTK5515_init
     337                      .global _aic3204_test
     338              
     339              ;*******************************************************************************
     340              ;* TYPE INFORMATION                                                            *
     341              ;*******************************************************************************
     342              $C$DW$T$4       .dwtag  DW_TAG_base_type
     343                      .dwattr $C$DW$T$4, DW_AT_encoding(DW_ATE_boolean)
     344                      .dwattr $C$DW$T$4, DW_AT_name("bool")
     345                      .dwattr $C$DW$T$4, DW_AT_byte_size(0x01)
     346              $C$DW$T$5       .dwtag  DW_TAG_base_type
     347                      .dwattr $C$DW$T$5, DW_AT_encoding(DW_ATE_signed_char)
     348                      .dwattr $C$DW$T$5, DW_AT_name("signed char")
     349                      .dwattr $C$DW$T$5, DW_AT_byte_size(0x01)
TMS320C55x Assembler PC v4.3.8 Thu Jun 09 17:03:45 2011

Tools Copyright (c) 1996-2010 Texas Instruments Incorporated
main.asm                                                             PAGE   10

     350              $C$DW$T$6       .dwtag  DW_TAG_base_type
     351                      .dwattr $C$DW$T$6, DW_AT_encoding(DW_ATE_unsigned_char)
     352                      .dwattr $C$DW$T$6, DW_AT_name("unsigned char")
     353                      .dwattr $C$DW$T$6, DW_AT_byte_size(0x01)
     354              $C$DW$T$19      .dwtag  DW_TAG_pointer_type
     355                      .dwattr $C$DW$T$19, DW_AT_type(*$C$DW$T$6)
     356                      .dwattr $C$DW$T$19, DW_AT_address_class(0x17)
     357              $C$DW$T$7       .dwtag  DW_TAG_base_type
     358                      .dwattr $C$DW$T$7, DW_AT_encoding(DW_ATE_signed_char)
     359                      .dwattr $C$DW$T$7, DW_AT_name("wchar_t")
     360                      .dwattr $C$DW$T$7, DW_AT_byte_size(0x01)
     361              $C$DW$T$8       .dwtag  DW_TAG_base_type
     362                      .dwattr $C$DW$T$8, DW_AT_encoding(DW_ATE_signed)
     363                      .dwattr $C$DW$T$8, DW_AT_name("short")
     364                      .dwattr $C$DW$T$8, DW_AT_byte_size(0x01)
     365              $C$DW$T$9       .dwtag  DW_TAG_base_type
     366                      .dwattr $C$DW$T$9, DW_AT_encoding(DW_ATE_unsigned)
     367                      .dwattr $C$DW$T$9, DW_AT_name("unsigned short")
     368                      .dwattr $C$DW$T$9, DW_AT_byte_size(0x01)
     369              $C$DW$T$10      .dwtag  DW_TAG_base_type
     370                      .dwattr $C$DW$T$10, DW_AT_encoding(DW_ATE_signed)
     371                      .dwattr $C$DW$T$10, DW_AT_name("int")
     372                      .dwattr $C$DW$T$10, DW_AT_byte_size(0x01)
     373              
     374              $C$DW$T$21      .dwtag  DW_TAG_subroutine_type
     375                      .dwattr $C$DW$T$21, DW_AT_type(*$C$DW$T$10)
     376                      .dwattr $C$DW$T$21, DW_AT_language(DW_LANG_C)
     377              $C$DW$T$22      .dwtag  DW_TAG_pointer_type
     378                      .dwattr $C$DW$T$22, DW_AT_type(*$C$DW$T$21)
     379                      .dwattr $C$DW$T$22, DW_AT_address_class(0x20)
     380              $C$DW$28        .dwtag  DW_TAG_TI_far_type
     381                      .dwattr $C$DW$28, DW_AT_type(*$C$DW$T$22)
     382              $C$DW$T$30      .dwtag  DW_TAG_const_type
     383                      .dwattr $C$DW$T$30, DW_AT_type(*$C$DW$28)
     384              $C$DW$29        .dwtag  DW_TAG_TI_far_type
     385                      .dwattr $C$DW$29, DW_AT_type(*$C$DW$T$10)
     386              $C$DW$T$37      .dwtag  DW_TAG_const_type
     387                      .dwattr $C$DW$T$37, DW_AT_type(*$C$DW$29)
     388              $C$DW$T$11      .dwtag  DW_TAG_base_type
     389                      .dwattr $C$DW$T$11, DW_AT_encoding(DW_ATE_unsigned)
     390                      .dwattr $C$DW$T$11, DW_AT_name("unsigned int")
     391                      .dwattr $C$DW$T$11, DW_AT_byte_size(0x01)
     392              $C$DW$T$49      .dwtag  DW_TAG_typedef, DW_AT_name("size_t")
     393                      .dwattr $C$DW$T$49, DW_AT_type(*$C$DW$T$11)
     394                      .dwattr $C$DW$T$49, DW_AT_language(DW_LANG_C)
     395                      .dwattr $C$DW$T$49, DW_AT_decl_file("C:/Program Files (x86)/Texas Instruments/ccsv5/tools/compiler/c5
     396                      .dwattr $C$DW$T$49, DW_AT_decl_line(0x19)
     397                      .dwattr $C$DW$T$49, DW_AT_decl_column(0x19)
     398              $C$DW$T$12      .dwtag  DW_TAG_base_type
     399                      .dwattr $C$DW$T$12, DW_AT_encoding(DW_ATE_signed)
     400                      .dwattr $C$DW$T$12, DW_AT_name("long")
     401                      .dwattr $C$DW$T$12, DW_AT_byte_size(0x02)
     402              $C$DW$T$50      .dwtag  DW_TAG_typedef, DW_AT_name("fpos_t")
     403                      .dwattr $C$DW$T$50, DW_AT_type(*$C$DW$T$12)
     404                      .dwattr $C$DW$T$50, DW_AT_language(DW_LANG_C)
TMS320C55x Assembler PC v4.3.8 Thu Jun 09 17:03:45 2011

Tools Copyright (c) 1996-2010 Texas Instruments Incorporated
main.asm                                                             PAGE   11

     405                      .dwattr $C$DW$T$50, DW_AT_decl_file("C:/Program Files (x86)/Texas Instruments/ccsv5/tools/compiler/c5
     406                      .dwattr $C$DW$T$50, DW_AT_decl_line(0x27)
     407                      .dwattr $C$DW$T$50, DW_AT_decl_column(0x0e)
     408              $C$DW$T$13      .dwtag  DW_TAG_base_type
     409                      .dwattr $C$DW$T$13, DW_AT_encoding(DW_ATE_unsigned)
     410                      .dwattr $C$DW$T$13, DW_AT_name("unsigned long")
     411                      .dwattr $C$DW$T$13, DW_AT_byte_size(0x02)
     412              $C$DW$T$14      .dwtag  DW_TAG_base_type
     413                      .dwattr $C$DW$T$14, DW_AT_encoding(DW_ATE_signed)
     414                      .dwattr $C$DW$T$14, DW_AT_name("long long")
     415                      .dwattr $C$DW$T$14, DW_AT_byte_size(0x04)
     416                      .dwattr $C$DW$T$14, DW_AT_bit_size(0x28)
     417                      .dwattr $C$DW$T$14, DW_AT_bit_offset(0x18)
     418              $C$DW$T$15      .dwtag  DW_TAG_base_type
     419                      .dwattr $C$DW$T$15, DW_AT_encoding(DW_ATE_unsigned)
     420                      .dwattr $C$DW$T$15, DW_AT_name("unsigned long long")
     421                      .dwattr $C$DW$T$15, DW_AT_byte_size(0x04)
     422                      .dwattr $C$DW$T$15, DW_AT_bit_size(0x28)
     423                      .dwattr $C$DW$T$15, DW_AT_bit_offset(0x18)
     424              $C$DW$T$16      .dwtag  DW_TAG_base_type
     425                      .dwattr $C$DW$T$16, DW_AT_encoding(DW_ATE_float)
     426                      .dwattr $C$DW$T$16, DW_AT_name("float")
     427                      .dwattr $C$DW$T$16, DW_AT_byte_size(0x02)
     428              $C$DW$T$17      .dwtag  DW_TAG_base_type
     429                      .dwattr $C$DW$T$17, DW_AT_encoding(DW_ATE_float)
     430                      .dwattr $C$DW$T$17, DW_AT_name("double")
     431                      .dwattr $C$DW$T$17, DW_AT_byte_size(0x02)
     432              $C$DW$T$18      .dwtag  DW_TAG_base_type
     433                      .dwattr $C$DW$T$18, DW_AT_encoding(DW_ATE_float)
     434                      .dwattr $C$DW$T$18, DW_AT_name("long double")
     435                      .dwattr $C$DW$T$18, DW_AT_byte_size(0x02)
     436              
     437              $C$DW$T$20      .dwtag  DW_TAG_structure_type
     438                      .dwattr $C$DW$T$20, DW_AT_byte_size(0x0c)
     439              $C$DW$30        .dwtag  DW_TAG_member
     440                      .dwattr $C$DW$30, DW_AT_type(*$C$DW$T$10)
     441                      .dwattr $C$DW$30, DW_AT_name("fd")
     442                      .dwattr $C$DW$30, DW_AT_TI_symbol_name("_fd")
     443                      .dwattr $C$DW$30, DW_AT_data_member_location[DW_OP_plus_uconst 0x0]
     444                      .dwattr $C$DW$30, DW_AT_accessibility(DW_ACCESS_public)
     445                      .dwattr $C$DW$30, DW_AT_decl_file("C:/Program Files (x86)/Texas Instruments/ccsv5/tools/compiler/c550
     446                      .dwattr $C$DW$30, DW_AT_decl_line(0x1d)
     447                      .dwattr $C$DW$30, DW_AT_decl_column(0x0b)
     448              $C$DW$31        .dwtag  DW_TAG_member
     449                      .dwattr $C$DW$31, DW_AT_type(*$C$DW$T$19)
     450                      .dwattr $C$DW$31, DW_AT_name("buf")
     451                      .dwattr $C$DW$31, DW_AT_TI_symbol_name("_buf")
     452                      .dwattr $C$DW$31, DW_AT_data_member_location[DW_OP_plus_uconst 0x2]
     453                      .dwattr $C$DW$31, DW_AT_accessibility(DW_ACCESS_public)
     454                      .dwattr $C$DW$31, DW_AT_decl_file("C:/Program Files (x86)/Texas Instruments/ccsv5/tools/compiler/c550
     455                      .dwattr $C$DW$31, DW_AT_decl_line(0x1e)
     456                      .dwattr $C$DW$31, DW_AT_decl_column(0x16)
     457              $C$DW$32        .dwtag  DW_TAG_member
     458                      .dwattr $C$DW$32, DW_AT_type(*$C$DW$T$19)
     459                      .dwattr $C$DW$32, DW_AT_name("pos")
TMS320C55x Assembler PC v4.3.8 Thu Jun 09 17:03:45 2011

Tools Copyright (c) 1996-2010 Texas Instruments Incorporated
main.asm                                                             PAGE   12

     460                      .dwattr $C$DW$32, DW_AT_TI_symbol_name("_pos")
     461                      .dwattr $C$DW$32, DW_AT_data_member_location[DW_OP_plus_uconst 0x4]
     462                      .dwattr $C$DW$32, DW_AT_accessibility(DW_ACCESS_public)
     463                      .dwattr $C$DW$32, DW_AT_decl_file("C:/Program Files (x86)/Texas Instruments/ccsv5/tools/compiler/c550
     464                      .dwattr $C$DW$32, DW_AT_decl_line(0x1f)
     465                      .dwattr $C$DW$32, DW_AT_decl_column(0x16)
     466              $C$DW$33        .dwtag  DW_TAG_member
     467                      .dwattr $C$DW$33, DW_AT_type(*$C$DW$T$19)
     468                      .dwattr $C$DW$33, DW_AT_name("bufend")
     469                      .dwattr $C$DW$33, DW_AT_TI_symbol_name("_bufend")
     470                      .dwattr $C$DW$33, DW_AT_data_member_location[DW_OP_plus_uconst 0x6]
     471                      .dwattr $C$DW$33, DW_AT_accessibility(DW_ACCESS_public)
     472                      .dwattr $C$DW$33, DW_AT_decl_file("C:/Program Files (x86)/Texas Instruments/ccsv5/tools/compiler/c550
     473                      .dwattr $C$DW$33, DW_AT_decl_line(0x20)
     474                      .dwattr $C$DW$33, DW_AT_decl_column(0x16)
     475              $C$DW$34        .dwtag  DW_TAG_member
     476                      .dwattr $C$DW$34, DW_AT_type(*$C$DW$T$19)
     477                      .dwattr $C$DW$34, DW_AT_name("buff_stop")
     478                      .dwattr $C$DW$34, DW_AT_TI_symbol_name("_buff_stop")
     479                      .dwattr $C$DW$34, DW_AT_data_member_location[DW_OP_plus_uconst 0x8]
     480                      .dwattr $C$DW$34, DW_AT_accessibility(DW_ACCESS_public)
     481                      .dwattr $C$DW$34, DW_AT_decl_file("C:/Program Files (x86)/Texas Instruments/ccsv5/tools/compiler/c550
     482                      .dwattr $C$DW$34, DW_AT_decl_line(0x21)
     483                      .dwattr $C$DW$34, DW_AT_decl_column(0x16)
     484              $C$DW$35        .dwtag  DW_TAG_member
     485                      .dwattr $C$DW$35, DW_AT_type(*$C$DW$T$11)
     486                      .dwattr $C$DW$35, DW_AT_name("flags")
     487                      .dwattr $C$DW$35, DW_AT_TI_symbol_name("_flags")
     488                      .dwattr $C$DW$35, DW_AT_data_member_location[DW_OP_plus_uconst 0xa]
     489                      .dwattr $C$DW$35, DW_AT_accessibility(DW_ACCESS_public)
     490                      .dwattr $C$DW$35, DW_AT_decl_file("C:/Program Files (x86)/Texas Instruments/ccsv5/tools/compiler/c550
     491                      .dwattr $C$DW$35, DW_AT_decl_line(0x22)
     492                      .dwattr $C$DW$35, DW_AT_decl_column(0x16)
     493                      .dwendtag $C$DW$T$20
     494              
     495                      .dwattr $C$DW$T$20, DW_AT_decl_file("C:/Program Files (x86)/Texas Instruments/ccsv5/tools/compiler/c5
     496                      .dwattr $C$DW$T$20, DW_AT_decl_line(0x1c)
     497                      .dwattr $C$DW$T$20, DW_AT_decl_column(0x10)
     498              $C$DW$T$51      .dwtag  DW_TAG_typedef, DW_AT_name("FILE")
     499                      .dwattr $C$DW$T$51, DW_AT_type(*$C$DW$T$20)
     500                      .dwattr $C$DW$T$51, DW_AT_language(DW_LANG_C)
     501                      .dwattr $C$DW$T$51, DW_AT_decl_file("C:/Program Files (x86)/Texas Instruments/ccsv5/tools/compiler/c5
     502                      .dwattr $C$DW$T$51, DW_AT_decl_line(0x23)
     503                      .dwattr $C$DW$T$51, DW_AT_decl_column(0x03)
     504              $C$DW$T$23      .dwtag  DW_TAG_base_type
     505                      .dwattr $C$DW$T$23, DW_AT_encoding(DW_ATE_signed_char)
     506                      .dwattr $C$DW$T$23, DW_AT_name("signed char")
     507                      .dwattr $C$DW$T$23, DW_AT_byte_size(0x01)
     508              $C$DW$T$24      .dwtag  DW_TAG_pointer_type
     509                      .dwattr $C$DW$T$24, DW_AT_type(*$C$DW$T$23)
     510                      .dwattr $C$DW$T$24, DW_AT_address_class(0x17)
     511              $C$DW$T$52      .dwtag  DW_TAG_typedef, DW_AT_name("va_list")
     512                      .dwattr $C$DW$T$52, DW_AT_type(*$C$DW$T$24)
     513                      .dwattr $C$DW$T$52, DW_AT_language(DW_LANG_C)
     514                      .dwattr $C$DW$T$52, DW_AT_decl_file("C:/Program Files (x86)/Texas Instruments/ccsv5/tools/compiler/c5
TMS320C55x Assembler PC v4.3.8 Thu Jun 09 17:03:45 2011

Tools Copyright (c) 1996-2010 Texas Instruments Incorporated
main.asm                                                             PAGE   13

     515                      .dwattr $C$DW$T$52, DW_AT_decl_line(0x0d)
     516                      .dwattr $C$DW$T$52, DW_AT_decl_column(0x0f)
     517              $C$DW$36        .dwtag  DW_TAG_TI_far_type
     518                      .dwattr $C$DW$36, DW_AT_type(*$C$DW$T$24)
     519              $C$DW$T$53      .dwtag  DW_TAG_const_type
     520                      .dwattr $C$DW$T$53, DW_AT_type(*$C$DW$36)
     521              $C$DW$37        .dwtag  DW_TAG_TI_far_type
     522                      .dwattr $C$DW$37, DW_AT_type(*$C$DW$T$23)
     523              $C$DW$T$31      .dwtag  DW_TAG_const_type
     524                      .dwattr $C$DW$T$31, DW_AT_type(*$C$DW$37)
     525              $C$DW$T$32      .dwtag  DW_TAG_pointer_type
     526                      .dwattr $C$DW$T$32, DW_AT_type(*$C$DW$T$31)
     527                      .dwattr $C$DW$T$32, DW_AT_address_class(0x17)
     528                      .dwattr $C$DW$CU, DW_AT_language(DW_LANG_C)
     529              
     530              ;***************************************************************
     531              ;* DWARF CIE ENTRIES                                           *
     532              ;***************************************************************
     533              
     534              $C$DW$CIE       .dwcie 91
     535                      .dwcfi  cfa_register, 36
     536                      .dwcfi  cfa_offset, 0
     537                      .dwcfi  undefined, 0
     538                      .dwcfi  undefined, 1
     539                      .dwcfi  undefined, 2
     540                      .dwcfi  undefined, 3
     541                      .dwcfi  undefined, 4
     542                      .dwcfi  undefined, 5
     543                      .dwcfi  undefined, 6
     544                      .dwcfi  undefined, 7
     545                      .dwcfi  undefined, 8
     546                      .dwcfi  undefined, 9
     547                      .dwcfi  undefined, 10
     548                      .dwcfi  undefined, 11
     549                      .dwcfi  undefined, 12
     550                      .dwcfi  undefined, 13
     551                      .dwcfi  same_value, 14
     552                      .dwcfi  same_value, 15
     553                      .dwcfi  undefined, 16
     554                      .dwcfi  undefined, 17
     555                      .dwcfi  undefined, 18
     556                      .dwcfi  undefined, 19
     557                      .dwcfi  undefined, 20
     558                      .dwcfi  undefined, 21
     559                      .dwcfi  undefined, 22
     560                      .dwcfi  undefined, 23
     561                      .dwcfi  undefined, 24
     562                      .dwcfi  undefined, 25
     563                      .dwcfi  same_value, 26
     564                      .dwcfi  same_value, 27
     565                      .dwcfi  same_value, 28
     566                      .dwcfi  same_value, 29
     567                      .dwcfi  same_value, 30
     568                      .dwcfi  same_value, 31
     569                      .dwcfi  undefined, 32
TMS320C55x Assembler PC v4.3.8 Thu Jun 09 17:03:45 2011

Tools Copyright (c) 1996-2010 Texas Instruments Incorporated
main.asm                                                             PAGE   14

     570                      .dwcfi  undefined, 33
     571                      .dwcfi  undefined, 34
     572                      .dwcfi  undefined, 35
     573                      .dwcfi  undefined, 36
     574                      .dwcfi  undefined, 37
     575                      .dwcfi  undefined, 38
     576                      .dwcfi  undefined, 39
     577                      .dwcfi  undefined, 40
     578                      .dwcfi  undefined, 41
     579                      .dwcfi  undefined, 42
     580                      .dwcfi  undefined, 43
     581                      .dwcfi  undefined, 44
     582                      .dwcfi  undefined, 45
     583                      .dwcfi  undefined, 46
     584                      .dwcfi  undefined, 47
     585                      .dwcfi  undefined, 48
     586                      .dwcfi  undefined, 49
     587                      .dwcfi  undefined, 50
     588                      .dwcfi  undefined, 51
     589                      .dwcfi  undefined, 52
     590                      .dwcfi  undefined, 53
     591                      .dwcfi  undefined, 54
     592                      .dwcfi  undefined, 55
     593                      .dwcfi  undefined, 56
     594                      .dwcfi  undefined, 57
     595                      .dwcfi  undefined, 58
     596                      .dwcfi  undefined, 59
     597                      .dwcfi  undefined, 60
     598                      .dwcfi  undefined, 61
     599                      .dwcfi  undefined, 62
     600                      .dwcfi  undefined, 63
     601                      .dwcfi  undefined, 64
     602                      .dwcfi  undefined, 65
     603                      .dwcfi  undefined, 66
     604                      .dwcfi  undefined, 67
     605                      .dwcfi  undefined, 68
     606                      .dwcfi  undefined, 69
     607                      .dwcfi  undefined, 70
     608                      .dwcfi  undefined, 71
     609                      .dwcfi  undefined, 72
     610                      .dwcfi  undefined, 73
     611                      .dwcfi  undefined, 74
     612                      .dwcfi  undefined, 75
     613                      .dwcfi  undefined, 76
     614                      .dwcfi  undefined, 77
     615                      .dwcfi  undefined, 78
     616                      .dwcfi  undefined, 79
     617                      .dwcfi  undefined, 80
     618                      .dwcfi  undefined, 81
     619                      .dwcfi  undefined, 82
     620                      .dwcfi  undefined, 83
     621                      .dwcfi  undefined, 84
     622                      .dwcfi  undefined, 85
     623                      .dwcfi  undefined, 86
     624                      .dwcfi  undefined, 87
TMS320C55x Assembler PC v4.3.8 Thu Jun 09 17:03:45 2011

Tools Copyright (c) 1996-2010 Texas Instruments Incorporated
main.asm                                                             PAGE   15

     625                      .dwcfi  undefined, 88
     626                      .dwcfi  undefined, 89
     627                      .dwcfi  undefined, 90
     628                      .dwcfi  undefined, 91
     629                      .dwendentry
     630              
     631              ;***************************************************************
     632              ;* DWARF REGISTER MAP                                          *
     633              ;***************************************************************
     634              
     635              $C$DW$38        .dwtag  DW_TAG_TI_assign_register, DW_AT_name("AC0")
     636                      .dwattr $C$DW$38, DW_AT_location[DW_OP_reg0]
     637              $C$DW$39        .dwtag  DW_TAG_TI_assign_register, DW_AT_name("AC0")
     638                      .dwattr $C$DW$39, DW_AT_location[DW_OP_reg1]
     639              $C$DW$40        .dwtag  DW_TAG_TI_assign_register, DW_AT_name("AC0_G")
     640                      .dwattr $C$DW$40, DW_AT_location[DW_OP_reg2]
     641              $C$DW$41        .dwtag  DW_TAG_TI_assign_register, DW_AT_name("AC1")
     642                      .dwattr $C$DW$41, DW_AT_location[DW_OP_reg3]
     643              $C$DW$42        .dwtag  DW_TAG_TI_assign_register, DW_AT_name("AC1")
     644                      .dwattr $C$DW$42, DW_AT_location[DW_OP_reg4]
     645              $C$DW$43        .dwtag  DW_TAG_TI_assign_register, DW_AT_name("AC1_G")
     646                      .dwattr $C$DW$43, DW_AT_location[DW_OP_reg5]
     647              $C$DW$44        .dwtag  DW_TAG_TI_assign_register, DW_AT_name("AC2")
     648                      .dwattr $C$DW$44, DW_AT_location[DW_OP_reg6]
     649              $C$DW$45        .dwtag  DW_TAG_TI_assign_register, DW_AT_name("AC2")
     650                      .dwattr $C$DW$45, DW_AT_location[DW_OP_reg7]
     651              $C$DW$46        .dwtag  DW_TAG_TI_assign_register, DW_AT_name("AC2_G")
     652                      .dwattr $C$DW$46, DW_AT_location[DW_OP_reg8]
     653              $C$DW$47        .dwtag  DW_TAG_TI_assign_register, DW_AT_name("AC3")
     654                      .dwattr $C$DW$47, DW_AT_location[DW_OP_reg9]
     655              $C$DW$48        .dwtag  DW_TAG_TI_assign_register, DW_AT_name("AC3")
     656                      .dwattr $C$DW$48, DW_AT_location[DW_OP_reg10]
     657              $C$DW$49        .dwtag  DW_TAG_TI_assign_register, DW_AT_name("AC3_G")
     658                      .dwattr $C$DW$49, DW_AT_location[DW_OP_reg11]
     659              $C$DW$50        .dwtag  DW_TAG_TI_assign_register, DW_AT_name("T0")
     660                      .dwattr $C$DW$50, DW_AT_location[DW_OP_reg12]
     661              $C$DW$51        .dwtag  DW_TAG_TI_assign_register, DW_AT_name("T1")
     662                      .dwattr $C$DW$51, DW_AT_location[DW_OP_reg13]
     663              $C$DW$52        .dwtag  DW_TAG_TI_assign_register, DW_AT_name("T2")
     664                      .dwattr $C$DW$52, DW_AT_location[DW_OP_reg14]
     665              $C$DW$53        .dwtag  DW_TAG_TI_assign_register, DW_AT_name("T3")
     666                      .dwattr $C$DW$53, DW_AT_location[DW_OP_reg15]
     667              $C$DW$54        .dwtag  DW_TAG_TI_assign_register, DW_AT_name("AR0")
     668                      .dwattr $C$DW$54, DW_AT_location[DW_OP_reg16]
     669              $C$DW$55        .dwtag  DW_TAG_TI_assign_register, DW_AT_name("XAR0")
     670                      .dwattr $C$DW$55, DW_AT_location[DW_OP_reg17]
     671              $C$DW$56        .dwtag  DW_TAG_TI_assign_register, DW_AT_name("AR1")
     672                      .dwattr $C$DW$56, DW_AT_location[DW_OP_reg18]
     673              $C$DW$57        .dwtag  DW_TAG_TI_assign_register, DW_AT_name("XAR1")
     674                      .dwattr $C$DW$57, DW_AT_location[DW_OP_reg19]
     675              $C$DW$58        .dwtag  DW_TAG_TI_assign_register, DW_AT_name("AR2")
     676                      .dwattr $C$DW$58, DW_AT_location[DW_OP_reg20]
     677              $C$DW$59        .dwtag  DW_TAG_TI_assign_register, DW_AT_name("XAR2")
     678                      .dwattr $C$DW$59, DW_AT_location[DW_OP_reg21]
     679              $C$DW$60        .dwtag  DW_TAG_TI_assign_register, DW_AT_name("AR3")
TMS320C55x Assembler PC v4.3.8 Thu Jun 09 17:03:45 2011

Tools Copyright (c) 1996-2010 Texas Instruments Incorporated
main.asm                                                             PAGE   16

     680                      .dwattr $C$DW$60, DW_AT_location[DW_OP_reg22]
     681              $C$DW$61        .dwtag  DW_TAG_TI_assign_register, DW_AT_name("XAR3")
     682                      .dwattr $C$DW$61, DW_AT_location[DW_OP_reg23]
     683              $C$DW$62        .dwtag  DW_TAG_TI_assign_register, DW_AT_name("AR4")
     684                      .dwattr $C$DW$62, DW_AT_location[DW_OP_reg24]
     685              $C$DW$63        .dwtag  DW_TAG_TI_assign_register, DW_AT_name("XAR4")
     686                      .dwattr $C$DW$63, DW_AT_location[DW_OP_reg25]
     687              $C$DW$64        .dwtag  DW_TAG_TI_assign_register, DW_AT_name("AR5")
     688                      .dwattr $C$DW$64, DW_AT_location[DW_OP_reg26]
     689              $C$DW$65        .dwtag  DW_TAG_TI_assign_register, DW_AT_name("XAR5")
     690                      .dwattr $C$DW$65, DW_AT_location[DW_OP_reg27]
     691              $C$DW$66        .dwtag  DW_TAG_TI_assign_register, DW_AT_name("AR6")
     692                      .dwattr $C$DW$66, DW_AT_location[DW_OP_reg28]
     693              $C$DW$67        .dwtag  DW_TAG_TI_assign_register, DW_AT_name("XAR6")
     694                      .dwattr $C$DW$67, DW_AT_location[DW_OP_reg29]
     695              $C$DW$68        .dwtag  DW_TAG_TI_assign_register, DW_AT_name("AR7")
     696                      .dwattr $C$DW$68, DW_AT_location[DW_OP_reg30]
     697              $C$DW$69        .dwtag  DW_TAG_TI_assign_register, DW_AT_name("XAR7")
     698                      .dwattr $C$DW$69, DW_AT_location[DW_OP_reg31]
     699              $C$DW$70        .dwtag  DW_TAG_TI_assign_register, DW_AT_name("FP")
     700                      .dwattr $C$DW$70, DW_AT_location[DW_OP_regx 0x20]
     701              $C$DW$71        .dwtag  DW_TAG_TI_assign_register, DW_AT_name("XFP")
     702                      .dwattr $C$DW$71, DW_AT_location[DW_OP_regx 0x21]
     703              $C$DW$72        .dwtag  DW_TAG_TI_assign_register, DW_AT_name("PC")
     704                      .dwattr $C$DW$72, DW_AT_location[DW_OP_regx 0x22]
     705              $C$DW$73        .dwtag  DW_TAG_TI_assign_register, DW_AT_name("SP")
     706                      .dwattr $C$DW$73, DW_AT_location[DW_OP_regx 0x23]
     707              $C$DW$74        .dwtag  DW_TAG_TI_assign_register, DW_AT_name("XSP")
     708                      .dwattr $C$DW$74, DW_AT_location[DW_OP_regx 0x24]
     709              $C$DW$75        .dwtag  DW_TAG_TI_assign_register, DW_AT_name("BKC")
     710                      .dwattr $C$DW$75, DW_AT_location[DW_OP_regx 0x25]
     711              $C$DW$76        .dwtag  DW_TAG_TI_assign_register, DW_AT_name("BK03")
     712                      .dwattr $C$DW$76, DW_AT_location[DW_OP_regx 0x26]
     713              $C$DW$77        .dwtag  DW_TAG_TI_assign_register, DW_AT_name("BK47")
     714                      .dwattr $C$DW$77, DW_AT_location[DW_OP_regx 0x27]
     715              $C$DW$78        .dwtag  DW_TAG_TI_assign_register, DW_AT_name("ST0")
     716                      .dwattr $C$DW$78, DW_AT_location[DW_OP_regx 0x28]
     717              $C$DW$79        .dwtag  DW_TAG_TI_assign_register, DW_AT_name("ST1")
     718                      .dwattr $C$DW$79, DW_AT_location[DW_OP_regx 0x29]
     719              $C$DW$80        .dwtag  DW_TAG_TI_assign_register, DW_AT_name("ST2")
     720                      .dwattr $C$DW$80, DW_AT_location[DW_OP_regx 0x2a]
     721              $C$DW$81        .dwtag  DW_TAG_TI_assign_register, DW_AT_name("ST3")
     722                      .dwattr $C$DW$81, DW_AT_location[DW_OP_regx 0x2b]
     723              $C$DW$82        .dwtag  DW_TAG_TI_assign_register, DW_AT_name("MDP")
     724                      .dwattr $C$DW$82, DW_AT_location[DW_OP_regx 0x2c]
     725              $C$DW$83        .dwtag  DW_TAG_TI_assign_register, DW_AT_name("MDP05")
     726                      .dwattr $C$DW$83, DW_AT_location[DW_OP_regx 0x2d]
     727              $C$DW$84        .dwtag  DW_TAG_TI_assign_register, DW_AT_name("MDP67")
     728                      .dwattr $C$DW$84, DW_AT_location[DW_OP_regx 0x2e]
     729              $C$DW$85        .dwtag  DW_TAG_TI_assign_register, DW_AT_name("BRC0")
     730                      .dwattr $C$DW$85, DW_AT_location[DW_OP_regx 0x2f]
     731              $C$DW$86        .dwtag  DW_TAG_TI_assign_register, DW_AT_name("RSA0")
     732                      .dwattr $C$DW$86, DW_AT_location[DW_OP_regx 0x30]
     733              $C$DW$87        .dwtag  DW_TAG_TI_assign_register, DW_AT_name("RSA0_H")
     734                      .dwattr $C$DW$87, DW_AT_location[DW_OP_regx 0x31]
TMS320C55x Assembler PC v4.3.8 Thu Jun 09 17:03:45 2011

Tools Copyright (c) 1996-2010 Texas Instruments Incorporated
main.asm                                                             PAGE   17

     735              $C$DW$88        .dwtag  DW_TAG_TI_assign_register, DW_AT_name("REA0")
     736                      .dwattr $C$DW$88, DW_AT_location[DW_OP_regx 0x32]
     737              $C$DW$89        .dwtag  DW_TAG_TI_assign_register, DW_AT_name("REA0_H")
     738                      .dwattr $C$DW$89, DW_AT_location[DW_OP_regx 0x33]
     739              $C$DW$90        .dwtag  DW_TAG_TI_assign_register, DW_AT_name("BRS1")
     740                      .dwattr $C$DW$90, DW_AT_location[DW_OP_regx 0x34]
     741              $C$DW$91        .dwtag  DW_TAG_TI_assign_register, DW_AT_name("BRC1")
     742                      .dwattr $C$DW$91, DW_AT_location[DW_OP_regx 0x35]
     743              $C$DW$92        .dwtag  DW_TAG_TI_assign_register, DW_AT_name("RSA1")
     744                      .dwattr $C$DW$92, DW_AT_location[DW_OP_regx 0x36]
     745              $C$DW$93        .dwtag  DW_TAG_TI_assign_register, DW_AT_name("RSA1_H")
     746                      .dwattr $C$DW$93, DW_AT_location[DW_OP_regx 0x37]
     747              $C$DW$94        .dwtag  DW_TAG_TI_assign_register, DW_AT_name("REA1")
     748                      .dwattr $C$DW$94, DW_AT_location[DW_OP_regx 0x38]
     749              $C$DW$95        .dwtag  DW_TAG_TI_assign_register, DW_AT_name("REA1_H")
     750                      .dwattr $C$DW$95, DW_AT_location[DW_OP_regx 0x39]
     751              $C$DW$96        .dwtag  DW_TAG_TI_assign_register, DW_AT_name("CSR")
     752                      .dwattr $C$DW$96, DW_AT_location[DW_OP_regx 0x3a]
     753              $C$DW$97        .dwtag  DW_TAG_TI_assign_register, DW_AT_name("RPTC")
     754                      .dwattr $C$DW$97, DW_AT_location[DW_OP_regx 0x3b]
     755              $C$DW$98        .dwtag  DW_TAG_TI_assign_register, DW_AT_name("CDP")
     756                      .dwattr $C$DW$98, DW_AT_location[DW_OP_regx 0x3c]
     757              $C$DW$99        .dwtag  DW_TAG_TI_assign_register, DW_AT_name("XCDP")
     758                      .dwattr $C$DW$99, DW_AT_location[DW_OP_regx 0x3d]
     759              $C$DW$100       .dwtag  DW_TAG_TI_assign_register, DW_AT_name("TRN0")
     760                      .dwattr $C$DW$100, DW_AT_location[DW_OP_regx 0x3e]
     761              $C$DW$101       .dwtag  DW_TAG_TI_assign_register, DW_AT_name("TRN1")
     762                      .dwattr $C$DW$101, DW_AT_location[DW_OP_regx 0x3f]
     763              $C$DW$102       .dwtag  DW_TAG_TI_assign_register, DW_AT_name("BSA01")
     764                      .dwattr $C$DW$102, DW_AT_location[DW_OP_regx 0x40]
     765              $C$DW$103       .dwtag  DW_TAG_TI_assign_register, DW_AT_name("BSA23")
     766                      .dwattr $C$DW$103, DW_AT_location[DW_OP_regx 0x41]
     767              $C$DW$104       .dwtag  DW_TAG_TI_assign_register, DW_AT_name("BSA45")
     768                      .dwattr $C$DW$104, DW_AT_location[DW_OP_regx 0x42]
     769              $C$DW$105       .dwtag  DW_TAG_TI_assign_register, DW_AT_name("BSA67")
     770                      .dwattr $C$DW$105, DW_AT_location[DW_OP_regx 0x43]
     771              $C$DW$106       .dwtag  DW_TAG_TI_assign_register, DW_AT_name("BSAC")
     772                      .dwattr $C$DW$106, DW_AT_location[DW_OP_regx 0x44]
     773              $C$DW$107       .dwtag  DW_TAG_TI_assign_register, DW_AT_name("CARRY")
     774                      .dwattr $C$DW$107, DW_AT_location[DW_OP_regx 0x45]
     775              $C$DW$108       .dwtag  DW_TAG_TI_assign_register, DW_AT_name("TC1")
     776                      .dwattr $C$DW$108, DW_AT_location[DW_OP_regx 0x46]
     777              $C$DW$109       .dwtag  DW_TAG_TI_assign_register, DW_AT_name("TC2")
     778                      .dwattr $C$DW$109, DW_AT_location[DW_OP_regx 0x47]
     779              $C$DW$110       .dwtag  DW_TAG_TI_assign_register, DW_AT_name("M40")
     780                      .dwattr $C$DW$110, DW_AT_location[DW_OP_regx 0x48]
     781              $C$DW$111       .dwtag  DW_TAG_TI_assign_register, DW_AT_name("SXMD")
     782                      .dwattr $C$DW$111, DW_AT_location[DW_OP_regx 0x49]
     783              $C$DW$112       .dwtag  DW_TAG_TI_assign_register, DW_AT_name("ARMS")
     784                      .dwattr $C$DW$112, DW_AT_location[DW_OP_regx 0x4a]
     785              $C$DW$113       .dwtag  DW_TAG_TI_assign_register, DW_AT_name("C54CM")
     786                      .dwattr $C$DW$113, DW_AT_location[DW_OP_regx 0x4b]
     787              $C$DW$114       .dwtag  DW_TAG_TI_assign_register, DW_AT_name("SATA")
     788                      .dwattr $C$DW$114, DW_AT_location[DW_OP_regx 0x4c]
     789              $C$DW$115       .dwtag  DW_TAG_TI_assign_register, DW_AT_name("SATD")
TMS320C55x Assembler PC v4.3.8 Thu Jun 09 17:03:45 2011

Tools Copyright (c) 1996-2010 Texas Instruments Incorporated
main.asm                                                             PAGE   18

     790                      .dwattr $C$DW$115, DW_AT_location[DW_OP_regx 0x4d]
     791              $C$DW$116       .dwtag  DW_TAG_TI_assign_register, DW_AT_name("RDM")
     792                      .dwattr $C$DW$116, DW_AT_location[DW_OP_regx 0x4e]
     793              $C$DW$117       .dwtag  DW_TAG_TI_assign_register, DW_AT_name("FRCT")
     794                      .dwattr $C$DW$117, DW_AT_location[DW_OP_regx 0x4f]
     795              $C$DW$118       .dwtag  DW_TAG_TI_assign_register, DW_AT_name("SMUL")
     796                      .dwattr $C$DW$118, DW_AT_location[DW_OP_regx 0x50]
     797              $C$DW$119       .dwtag  DW_TAG_TI_assign_register, DW_AT_name("INTM")
     798                      .dwattr $C$DW$119, DW_AT_location[DW_OP_regx 0x51]
     799              $C$DW$120       .dwtag  DW_TAG_TI_assign_register, DW_AT_name("AR0LC")
     800                      .dwattr $C$DW$120, DW_AT_location[DW_OP_regx 0x52]
     801              $C$DW$121       .dwtag  DW_TAG_TI_assign_register, DW_AT_name("AR1LC")
     802                      .dwattr $C$DW$121, DW_AT_location[DW_OP_regx 0x53]
     803              $C$DW$122       .dwtag  DW_TAG_TI_assign_register, DW_AT_name("AR2LC")
     804                      .dwattr $C$DW$122, DW_AT_location[DW_OP_regx 0x54]
     805              $C$DW$123       .dwtag  DW_TAG_TI_assign_register, DW_AT_name("AR3LC")
     806                      .dwattr $C$DW$123, DW_AT_location[DW_OP_regx 0x55]
     807              $C$DW$124       .dwtag  DW_TAG_TI_assign_register, DW_AT_name("AR4LC")
     808                      .dwattr $C$DW$124, DW_AT_location[DW_OP_regx 0x56]
     809              $C$DW$125       .dwtag  DW_TAG_TI_assign_register, DW_AT_name("AR5LC")
     810                      .dwattr $C$DW$125, DW_AT_location[DW_OP_regx 0x57]
     811              $C$DW$126       .dwtag  DW_TAG_TI_assign_register, DW_AT_name("AR6LC")
     812                      .dwattr $C$DW$126, DW_AT_location[DW_OP_regx 0x58]
     813              $C$DW$127       .dwtag  DW_TAG_TI_assign_register, DW_AT_name("AR7LC")
     814                      .dwattr $C$DW$127, DW_AT_location[DW_OP_regx 0x59]
     815              $C$DW$128       .dwtag  DW_TAG_TI_assign_register, DW_AT_name("CDPLC")
     816                      .dwattr $C$DW$128, DW_AT_location[DW_OP_regx 0x5a]
     817              $C$DW$129       .dwtag  DW_TAG_TI_assign_register, DW_AT_name("CIE_RETA")
     818                      .dwattr $C$DW$129, DW_AT_location[DW_OP_regx 0x5b]
     819                      .dwendtag $C$DW$CU
     820              
     820              
     820              

No Assembly Errors, No Assembly Warnings
