Build started 11.09.2014 16:45:52.
     1>Project "C:\Users\aydogduce\Documents\Visual Studio 2013\Projects\lab1\lab1\lab1.vcxproj" on node 2 (Build target(s)).
     1>ClCompile:
         C:\Program Files (x86)\Microsoft Visual Studio 12.0\VC\bin\CL.exe /c /ZI /nologo /W3 /WX- /Od /Oy- /D "WIN32" /D _DEBUG /D _CONSOLE /D "_LIB" /D "_UNICODE" /D "UNICODE" /Gm /EHsc /RTC1 /MDd /GS /fp:precise /Zc:wchar_t /Zc:forScope /Fo"Debug\\" /Fd"Debug\vc120.pdb" /Gd /TP /analyze- /errorReport:prompt fileoperations.cpp
         fileoperations.cpp
     1>c:\users\aydogduce\documents\visual studio 2013\projects\lab1\lab1\fileoperations.cpp(12): warning C4996: 'fopen': This function or variable may be unsafe. Consider using fopen_s instead. To disable deprecation, use _CRT_SECURE_NO_WARNINGS. See online help for details.
                 c:\program files (x86)\microsoft visual studio 12.0\vc\include\stdio.h(211) : see declaration of 'fopen'
     1>c:\users\aydogduce\documents\visual studio 2013\projects\lab1\lab1\fileoperations.cpp(14): warning C4996: 'fopen': This function or variable may be unsafe. Consider using fopen_s instead. To disable deprecation, use _CRT_SECURE_NO_WARNINGS. See online help for details.
                 c:\program files (x86)\microsoft visual studio 12.0\vc\include\stdio.h(211) : see declaration of 'fopen'
     1>c:\users\aydogduce\documents\visual studio 2013\projects\lab1\lab1\fileoperations.cpp(35): warning C4996: 'strnicmp': The POSIX name for this item is deprecated. Instead, use the ISO C++ conformant name: _strnicmp. See online help for details.
                 c:\program files (x86)\microsoft visual studio 12.0\vc\include\string.h(255) : see declaration of 'strnicmp'
     1>c:\users\aydogduce\documents\visual studio 2013\projects\lab1\lab1\fileoperations.cpp(54): warning C4996: 'fopen': This function or variable may be unsafe. Consider using fopen_s instead. To disable deprecation, use _CRT_SECURE_NO_WARNINGS. See online help for details.
                 c:\program files (x86)\microsoft visual studio 12.0\vc\include\stdio.h(211) : see declaration of 'fopen'
       Link:
         C:\Program Files (x86)\Microsoft Visual Studio 12.0\VC\bin\link.exe /ERRORREPORT:PROMPT /OUT:"C:\Users\aydogduce\Documents\Visual Studio 2013\Projects\lab1\Debug\lab1.exe" /INCREMENTAL /NOLOGO kernel32.lib user32.lib gdi32.lib winspool.lib comdlg32.lib advapi32.lib shell32.lib ole32.lib oleaut32.lib uuid.lib odbc32.lib odbccp32.lib /MANIFEST /MANIFESTUAC:"level='asInvoker' uiAccess='false'" /manifest:embed /DEBUG /PDB:"C:\Users\aydogduce\Documents\Visual Studio 2013\Projects\lab1\Debug\lab1.pdb" /SUBSYSTEM:CONSOLE /TLBID:1 /DYNAMICBASE /NXCOMPAT /IMPLIB:"C:\Users\aydogduce\Documents\Visual Studio 2013\Projects\lab1\Debug\lab1.lib" /MACHINE:X86 Debug\fileoperations.obj
         Debug\phone_prog.obj
         lab1.vcxproj -> C:\Users\aydogduce\Documents\Visual Studio 2013\Projects\lab1\Debug\lab1.exe
     1>Done Building Project "C:\Users\aydogduce\Documents\Visual Studio 2013\Projects\lab1\lab1\lab1.vcxproj" (Build target(s)).

Build succeeded.

Time Elapsed 00:00:01.07
