Build started 16.10.2014 17:24:44.
     1>Project "c:\Users\aydogduce\documents\visual studio 2013\Projects\lab4\lab4\lab4.vcxproj" on node 2 (Build target(s)).
     1>ClCompile:
         C:\Program Files (x86)\Microsoft Visual Studio 12.0\VC\bin\CL.exe /c /ZI /nologo /W3 /WX- /Od /Oy- /D "WIN32" /D _DEBUG /D _CONSOLE /D "_LIB" /D "_UNICODE" /D "UNICODE" /Gm /EHsc /RTC1 /MDd /GS /fp:precise /Zc:wchar_t /Zc:forScope /Fo"Debug\\" /Fd"Debug\vc120.pdb" /Gd /TP /analyze- /errorReport:prompt program.cpp
         program.cpp
     1>c:\users\aydogduce\documents\visual studio 2013\projects\lab4\lab4\list.h(73): warning C4996: 'strcpy': This function or variable may be unsafe. Consider using strcpy_s instead. To disable deprecation, use _CRT_SECURE_NO_WARNINGS. See online help for details.
                 c:\program files (x86)\microsoft visual studio 12.0\vc\include\string.h(112) : see declaration of 'strcpy'
     1>c:\users\aydogduce\documents\visual studio 2013\projects\lab4\lab4\list.h(88): warning C4996: 'strcpy': This function or variable may be unsafe. Consider using strcpy_s instead. To disable deprecation, use _CRT_SECURE_NO_WARNINGS. See online help for details.
                 c:\program files (x86)\microsoft visual studio 12.0\vc\include\string.h(112) : see declaration of 'strcpy'
     1>c:\users\aydogduce\documents\visual studio 2013\projects\lab4\lab4\list.h(114): warning C4996: 'strcpy': This function or variable may be unsafe. Consider using strcpy_s instead. To disable deprecation, use _CRT_SECURE_NO_WARNINGS. See online help for details.
                 c:\program files (x86)\microsoft visual studio 12.0\vc\include\string.h(112) : see declaration of 'strcpy'
     1>c:\users\aydogduce\documents\visual studio 2013\projects\lab4\lab4\list.h(146): warning C4996: 'strcpy': This function or variable may be unsafe. Consider using strcpy_s instead. To disable deprecation, use _CRT_SECURE_NO_WARNINGS. See online help for details.
                 c:\program files (x86)\microsoft visual studio 12.0\vc\include\string.h(112) : see declaration of 'strcpy'
     1>c:\users\aydogduce\documents\visual studio 2013\projects\lab4\lab4\list.h(147): warning C4996: 'strcpy': This function or variable may be unsafe. Consider using strcpy_s instead. To disable deprecation, use _CRT_SECURE_NO_WARNINGS. See online help for details.
                 c:\program files (x86)\microsoft visual studio 12.0\vc\include\string.h(112) : see declaration of 'strcpy'
     1>c:\users\aydogduce\documents\visual studio 2013\projects\lab4\lab4\list.h(282): warning C4996: 'strcpy': This function or variable may be unsafe. Consider using strcpy_s instead. To disable deprecation, use _CRT_SECURE_NO_WARNINGS. See online help for details.
                 c:\program files (x86)\microsoft visual studio 12.0\vc\include\string.h(112) : see declaration of 'strcpy'
       Link:
         C:\Program Files (x86)\Microsoft Visual Studio 12.0\VC\bin\link.exe /ERRORREPORT:PROMPT /OUT:"c:\users\aydogduce\documents\visual studio 2013\Projects\lab4\Debug\lab4.exe" /INCREMENTAL /NOLOGO kernel32.lib user32.lib gdi32.lib winspool.lib comdlg32.lib advapi32.lib shell32.lib ole32.lib oleaut32.lib uuid.lib odbc32.lib odbccp32.lib /MANIFEST /MANIFESTUAC:"level='asInvoker' uiAccess='false'" /manifest:embed /DEBUG /PDB:"c:\users\aydogduce\documents\visual studio 2013\Projects\lab4\Debug\lab4.pdb" /SUBSYSTEM:CONSOLE /TLBID:1 /DYNAMICBASE /NXCOMPAT /IMPLIB:"c:\users\aydogduce\documents\visual studio 2013\Projects\lab4\Debug\lab4.lib" /MACHINE:X86 Debug\program.obj
         lab4.vcxproj -> c:\users\aydogduce\documents\visual studio 2013\Projects\lab4\Debug\lab4.exe
     1>Done Building Project "c:\Users\aydogduce\documents\visual studio 2013\Projects\lab4\lab4\lab4.vcxproj" (Build target(s)).

Build succeeded.

Time Elapsed 00:00:00.92
